2021/05/26 14:42:35.400 [E] [template.go:227]  parse template err: auth/auth-list.html template: auth/auth-list.html:95: function "auth" not defined
2021/05/26 17:20:52.847 [E] [template.go:227]  parse template err: auth/auth-list.html template: auth/auth-list.html:54: function "AuthController" not defined
2021/05/26 17:20:53.897 [E] [template.go:227]  parse template err: auth/auth-list.html template: auth/auth-list.html:54: function "AuthController" not defined
2021/05/26 21:53:48.401 [E] [router.go:866]  template: auth/role-list.html:135:74: executing "auth/role-list.html" at <map_get .pageMap "firstpage">: error calling map_get: runtime error: invalid memory address or nil pointer dereference
2021/05/26 22:15:00.377 [E] [router.go:866]  template: auth/role-list.html:82:23: executing "auth/role-list.html" at <.Creatime>: can't evaluate field Creatime in type auth.Role
2021/05/27 11:40:50.886 [E] [router.go:866]  template: auth/role-user-add.html:50:32: executing "auth/role-user-add.html" at <.usr>: range can't iterate over {1 admin zhangsan 18 2 13834382474 北京市 海淀区 1 0 2021-05-21 23:28:49 +0800 CST []}
2021/05/27 12:55:32.065 [E] [template.go:227]  parse template err: auth/role-user-add.html template: auth/role-user-add.html:90: function "RoleController" not defined
2021/05/27 18:06:11.367 [E] [router.go:866]  template: auth/role-list.html:126:74: executing "auth/role-list.html" at <map_get .pageMap "firstpage">: error calling map_get: runtime error: invalid memory address or nil pointer dereference
2021/05/27 22:44:25.867 [E] [router.go:866]  template: user/my_center_edit.html:84:23: executing "user/my_center_edit.html" at <eq .user.Gender 1>: error calling eq: invalid type for comparison
2021/05/27 22:47:17.500 [E] [router.go:866]  template: user/my_center_edit.html:84:23: executing "user/my_center_edit.html" at <eq .user.Gender 1>: error calling eq: incompatible types for comparison
2021/05/28 14:32:49.640 [E] [router.go:866]  template: user/salary-list.html:135:74: executing "user/salary-list.html" at <map_get .pageMap "firstpage">: error calling map_get: runtime error: invalid memory address or nil pointer dereference
2021/05/28 14:35:07.162 [E] [router.go:866]  template: user/salary-list.html:135:74: executing "user/salary-list.html" at <map_get .pageMap "firstpage">: error calling map_get: runtime error: invalid memory address or nil pointer dereference
2021/05/28 15:48:07.398 [E] [router.go:866]  template: user/salary-detail.html:56:76: executing "user/salary-detail.html" at <.sal.BasePay>: can't evaluate field BasePay in type interface {}
2021/05/28 15:48:58.940 [E] [router.go:866]  template: user/salary-detail.html:85:75: executing "user/salary-detail.html" at <.sal.DaysOffNo>: can't evaluate field DaysOffNo in type interface {}
2021/05/28 15:49:20.480 [E] [router.go:866]  template: user/salary-detail.html:96:75: executing "user/salary-detail.html" at <.sal.Reward>: can't evaluate field Reward in type interface {}
2021/05/28 15:49:40.624 [E] [router.go:866]  template: user/salary-detail.html:129:75: executing "user/salary-detail.html" at <.sal.SocialSecurity>: can't evaluate field SocialSecurity in type interface {}
2021/05/28 15:56:23.802 [E] [authController.go:94]  insert into sys_auth failed, error:Error 1062: Duplicate entry '工资条' for key 'sys_auth.auth_name'

2021/05/28 15:56:35.852 [E] [authController.go:94]  insert into sys_auth failed, error:Error 1062: Duplicate entry '工资条' for key 'sys_auth.auth_name'

2021/05/28 16:09:03.215 [E] [template.go:227]  parse template err: finance/salary-list.html template: finance/salary-list.html:77: unexpected {{end}}
2021/05/28 16:09:05.909 [E] [template.go:227]  parse template err: finance/salary-list.html template: finance/salary-list.html:77: unexpected {{end}}
2021/05/28 16:09:09.166 [E] [template.go:227]  parse template err: finance/salary-list.html template: finance/salary-list.html:77: unexpected {{end}}
2021/05/28 16:09:11.846 [E] [template.go:227]  parse template err: finance/salary-list.html template: finance/salary-list.html:77: unexpected {{end}}
2021/05/28 16:09:15.122 [E] [template.go:227]  parse template err: finance/salary-list.html template: finance/salary-list.html:77: unexpected {{end}}
2021/05/28 17:40:08.715 [E] [finaceController.go:111]  insert into sys_salary failed, error:  Error 1406: Data too long for column 'card_id' at row 1
2021/05/28 17:46:05.551 [E] [finaceController.go:111]  insert into sys_salary failed, error:  Error 1264: Out of range value for column 'net_salary' at row 1
2021/05/28 23:01:56.243 [E] [profitController.go:119]  open upload/echart_data_upload/1622214116-1597114288-知了课堂2020年8月财务报表.xlsx: The system cannot find the path specified.
2021/05/28 23:04:09.666 [E] [profitController.go:119]  <nil>
2021/05/29 18:26:10.160 [E] [authController.go:94]  insert into sys_auth failed, error:Error 1062: Duplicate entry '财务报表' for key 'sys_auth.auth_name'

2021/05/29 18:26:28.072 [E] [authController.go:94]  insert into sys_auth failed, error:Error 1062: Duplicate entry '财务报表' for key 'sys_auth.auth_name'

2021/05/31 14:47:15.786 [E] [profitController.go:119]  <nil>
