2021/05/26 14:43:15.586 [I] [app.go:215]  http server Running on http://:8080
2021/05/26 14:43:25.810 [I] [loginController.go:60]  username:admin or password:zhangsan login success

2021/05/26 14:44:46.674 [I] [loginController.go:60]  username:admin or password:zhangsan login success

2021/05/26 15:26:10.791 [I] [app.go:215]  http server Running on http://:8080
2021/05/26 15:26:30.734 [I] [usercontroller.go:53]  current page:1, search keyword:

2021/05/26 15:38:16.569 [I] [app.go:215]  http server Running on http://:8080
2021/05/26 15:42:35.139 [I] [app.go:215]  http server Running on http://:8080
2021/05/26 15:42:36.987 [I] [app.go:215]  http server Running on http://:8080
2021/05/26 15:44:58.199 [I] [usercontroller.go:53]  current page:1, search keyword:

2021/05/26 15:52:06.867 [I] [usercontroller.go:53]  current page:2, search keyword:

2021/05/26 15:52:08.812 [I] [usercontroller.go:53]  current page:1, search keyword:

2021/05/26 15:53:25.541 [I] [usercontroller.go:53]  current page:1, search keyword:

2021/05/26 15:53:37.603 [I] [usercontroller.go:53]  current page:2, search keyword:

2021/05/26 15:54:30.938 [I] [usercontroller.go:53]  current page:2, search keyword:

2021/05/26 15:55:03.170 [I] [usercontroller.go:53]  current page:1, search keyword:

2021/05/26 15:56:23.304 [I] [usercontroller.go:53]  current page:1, search keyword:

2021/05/26 15:58:14.952 [I] [app.go:215]  http server Running on http://:8080
2021/05/26 15:58:17.934 [I] [usercontroller.go:53]  current page:1, search keyword:

2021/05/26 15:58:23.644 [I] [usercontroller.go:53]  current page:2, search keyword:

2021/05/26 15:58:26.036 [I] [usercontroller.go:53]  current page:1, search keyword:

2021/05/26 15:58:39.703 [I] [usercontroller.go:53]  current page:1, search keyword:

2021/05/26 15:59:24.540 [I] [app.go:215]  http server Running on http://:8080
2021/05/26 15:59:34.615 [I] [loginController.go:60]  username:admin or password:zhangsan login success

2021/05/26 15:59:42.371 [I] [usercontroller.go:53]  current page:1, search keyword:

2021/05/26 16:01:44.257 [I] [usercontroller.go:53]  current page:2, search keyword:

2021/05/26 16:01:45.911 [I] [usercontroller.go:53]  current page:1, search keyword:

2021/05/26 16:01:49.386 [I] [app.go:215]  http server Running on http://:8080
2021/05/26 16:01:53.200 [I] [usercontroller.go:53]  current page:2, search keyword:

2021/05/26 16:01:55.531 [I] [usercontroller.go:53]  current page:1, search keyword:

2021/05/26 16:02:42.190 [I] [app.go:215]  http server Running on http://:8080
2021/05/26 16:02:49.082 [I] [usercontroller.go:53]  current page:1, search keyword:

2021/05/26 16:03:35.786 [I] [app.go:215]  http server Running on http://:8080
2021/05/26 16:03:38.320 [I] [usercontroller.go:54]  current page:1, search keyword:

2021/05/26 16:04:08.784 [I] [app.go:215]  http server Running on http://:8080
2021/05/26 16:04:17.445 [I] [usercontroller.go:54]  current page:1, search keyword:

2021/05/26 16:04:26.063 [I] [usercontroller.go:54]  current page:1, search keyword:

2021/05/26 16:04:33.302 [I] [usercontroller.go:54]  current page:1, search keyword:

2021/05/26 16:04:48.388 [I] [usercontroller.go:54]  current page:2, search keyword:

2021/05/26 16:04:49.839 [I] [usercontroller.go:54]  current page:1, search keyword:

2021/05/26 16:05:18.384 [I] [usercontroller.go:110]  insert info success: username:admin89, password:1¶w5ÉÌ+¥¨◊WIW!u, age:98, gender:1, phone:13296574199, addr:Ê≠¶Ê±â, isactive:1

2021/05/26 16:05:20.416 [I] [usercontroller.go:54]  current page:1, search keyword:

2021/05/26 16:05:21.569 [I] [usercontroller.go:54]  current page:2, search keyword:

2021/05/26 16:05:22.806 [I] [usercontroller.go:54]  current page:1, search keyword:

2021/05/26 16:05:39.956 [I] [usercontroller.go:54]  current page:1, search keyword:

2021/05/26 16:05:45.852 [I] [usercontroller.go:54]  current page:1, search keyword:

2021/05/26 16:05:47.157 [I] [usercontroller.go:54]  current page:2, search keyword:

2021/05/26 16:05:51.895 [I] [usercontroller.go:54]  current page:1, search keyword:

2021/05/26 16:07:20.686 [I] [app.go:215]  http server Running on http://:8080
2021/05/26 16:07:21.054 [I] [usercontroller.go:37]  current page:1, search keyword:

2021/05/26 16:07:23.761 [I] [usercontroller.go:37]  current page:2, search keyword:

2021/05/26 16:07:24.889 [I] [usercontroller.go:37]  current page:1, search keyword:

2021/05/26 16:07:26.185 [I] [usercontroller.go:37]  current page:2, search keyword:

2021/05/26 16:07:27.258 [I] [usercontroller.go:37]  current page:1, search keyword:

2021/05/26 16:07:28.869 [I] [usercontroller.go:37]  current page:2, search keyword:

2021/05/26 16:07:29.882 [I] [usercontroller.go:37]  current page:1, search keyword:

2021/05/26 16:10:07.230 [I] [app.go:215]  http server Running on http://:8080
2021/05/26 16:19:49.632 [I] [app.go:215]  http server Running on http://:8080
2021/05/26 16:23:15.567 [I] [usercontroller.go:37]  current page:1, search keyword:

2021/05/26 16:24:13.179 [I] [usercontroller.go:37]  current page:1, search keyword:

2021/05/26 16:24:17.601 [I] [usercontroller.go:37]  current page:1, search keyword:22

2021/05/26 16:25:58.194 [I] [usercontroller.go:37]  current page:1, search keyword:

2021/05/26 16:26:00.829 [I] [usercontroller.go:37]  current page:1, search keyword:ad

2021/05/26 16:26:02.655 [I] [usercontroller.go:37]  current page:2, search keyword:ad

2021/05/26 16:26:03.714 [I] [usercontroller.go:37]  current page:1, search keyword:ad

2021/05/26 16:26:05.901 [I] [usercontroller.go:37]  current page:1, search keyword:11

2021/05/26 16:26:08.680 [I] [usercontroller.go:37]  current page:1, search keyword:

2021/05/26 16:31:01.337 [I] [app.go:215]  http server Running on http://:8080
2021/05/26 16:32:53.996 [I] [app.go:215]  http server Running on http://:8080
2021/05/26 16:33:00.498 [I] [usercontroller.go:37]  current page:1, search keyword:

2021/05/26 16:33:03.200 [I] [usercontroller.go:37]  current page:1, search keyword:1

2021/05/26 16:33:04.389 [I] [usercontroller.go:37]  current page:1, search keyword:

2021/05/26 16:33:06.508 [I] [usercontroller.go:37]  current page:1, search keyword:2

2021/05/26 16:33:08.395 [I] [usercontroller.go:37]  current page:1, search keyword:

2021/05/26 17:21:30.408 [I] [app.go:215]  http server Running on http://:8080
2021/05/26 17:21:35.496 [I] [authController.go:32]  current page:1, key word:

2021/05/26 17:25:28.743 [I] [authController.go:32]  current page:1, key word:

2021/05/26 17:29:35.225 [I] [app.go:215]  http server Running on http://:8080
2021/05/26 17:29:42.573 [I] [loginController.go:60]  username:admin or password:zhangsan login success

2021/05/26 17:29:46.083 [I] [authController.go:32]  current page:1, key word:

2021/05/26 17:30:10.956 [I] [authController.go:32]  current page:1, key word:

2021/05/26 17:31:03.613 [I] [usercontroller.go:37]  current page:1, search keyword:

2021/05/26 17:32:25.634 [I] [authController.go:32]  current page:1, key word:

2021/05/26 17:37:06.952 [I] [authController.go:32]  current page:1, key word:

2021/05/26 17:38:52.049 [I] [authController.go:32]  current page:1, key word:

2021/05/26 17:41:50.599 [I] [authController.go:32]  current page:1, key word:

2021/05/26 17:43:57.049 [I] [authController.go:32]  current page:1, key word:

2021/05/26 17:47:01.072 [I] [authController.go:32]  current page:1, key word:

2021/05/26 17:47:13.438 [I] [authController.go:88]  insert into sys_auth info:{10 xxxxxxxx # 3 xxxxxxxxxxxxxx 2021-05-26 17:47:13.3445806 +0800 CST m=+1058.543115801 1 0 3}

2021/05/26 17:47:13.439 [I] [authController.go:99]  insert into sys_auth success

2021/05/26 17:49:39.433 [I] [app.go:215]  http server Running on http://:8080
2021/05/26 17:49:40.849 [I] [app.go:215]  http server Running on http://:8080
2021/05/26 17:49:46.447 [I] [authController.go:32]  current page:1, key word:

2021/05/26 17:50:14.026 [I] [authController.go:88]  insert into sys_auth info:{11 aaaaaa /auth/addmy 2 fdsfsdfsdf 2021-05-26 17:50:14.010707 +0800 CST m=+33.540166201 0 0 1}

2021/05/26 17:50:14.029 [I] [authController.go:99]  insert into sys_auth success

2021/05/26 17:50:40.012 [I] [authController.go:32]  current page:1, key word:

2021/05/26 17:50:41.153 [I] [authController.go:32]  current page:2, key word:

2021/05/26 17:50:48.972 [I] [authController.go:32]  current page:1, key word:

2021/05/26 17:50:50.937 [I] [authController.go:32]  current page:2, key word:

2021/05/26 17:51:19.721 [I] [authController.go:32]  current page:2, key word:

2021/05/26 17:52:04.217 [I] [authController.go:88]  insert into sys_auth info:{1 Áî®Êà∑ÁÆ°ÁêÜ /m/user-list 0 Áî®Êà∑ÁÆ°ÁêÜÔºå‰∏ÄÁ∫ßËèúÂçï 2021-05-26 17:52:04.2080421 +0800 CST m=+143.737501301 1 0 1}

2021/05/26 17:52:04.221 [I] [authController.go:99]  insert into sys_auth success

2021/05/26 17:52:08.168 [I] [authController.go:32]  current page:2, key word:

2021/05/26 17:52:09.440 [I] [authController.go:32]  current page:2, key word:

2021/05/26 17:52:09.583 [I] [authController.go:32]  current page:2, key word:

2021/05/26 17:52:30.699 [I] [authController.go:32]  current page:2, key word:

2021/05/26 17:52:38.213 [I] [authController.go:32]  current page:2, key word:

2021/05/26 17:52:41.546 [I] [authController.go:32]  current page:1, key word:

2021/05/26 17:52:43.767 [I] [authController.go:32]  current page:1, key word:

2021/05/26 17:54:46.523 [I] [authController.go:32]  current page:1, key word:

2021/05/26 17:55:25.348 [I] [authController.go:88]  insert into sys_auth info:{2 ÊùÉÈôêÁÆ°ÁêÜ main/auth-list 1 ÊùÉÈôêÂàóË°®Ôºå‰∫åÁ∫ßËèúÂçï 2021-05-26 17:55:25.3298634 +0800 CST m=+344.859322601 1 0 4}

2021/05/26 17:55:25.351 [I] [authController.go:99]  insert into sys_auth success

2021/05/26 17:55:39.441 [I] [authController.go:32]  current page:1, key word:

2021/05/26 17:58:49.127 [I] [usercontroller.go:37]  current page:1, search keyword:

2021/05/26 17:59:14.548 [I] [authController.go:32]  current page:1, key word:

2021/05/26 17:59:30.975 [I] [authController.go:88]  insert into sys_auth info:{3 xxxxxx # 1 xxxxx 2021-05-26 17:59:30.9691645 +0800 CST m=+590.498623701 0 0 3}

2021/05/26 17:59:30.977 [I] [authController.go:99]  insert into sys_auth success

2021/05/26 17:59:33.007 [I] [authController.go:32]  current page:1, key word:

2021/05/26 17:59:36.226 [I] [authController.go:32]  current page:1, key word:

2021/05/26 20:58:21.241 [I] [app.go:215]  http server Running on http://:8080
2021/05/26 20:58:21.675 [I] [app.go:215]  http server Running on http://:8080
2021/05/26 20:58:23.645 [I] [app.go:215]  http server Running on http://:8080
2021/05/26 20:58:25.223 [I] [app.go:215]  http server Running on http://:8080
2021/05/26 20:58:26.987 [I] [app.go:215]  http server Running on http://:8080
2021/05/26 20:59:14.960 [I] [app.go:215]  http server Running on http://:8080
2021/05/26 20:59:24.566 [I] [loginController.go:60]  username:admin or password:zhangsan login success

2021/05/26 20:59:28.234 [I] [authController.go:32]  current page:1, key word:

2021/05/26 21:01:47.839 [I] [usercontroller.go:37]  current page:1, search keyword:

2021/05/26 21:02:16.834 [I] [authController.go:32]  current page:1, key word:

2021/05/26 21:05:11.880 [I] [app.go:215]  http server Running on http://:8080
2021/05/26 21:34:34.898 [I] [app.go:215]  http server Running on http://:8080
2021/05/26 21:34:40.770 [I] [usercontroller.go:37]  current page:1, search keyword:

2021/05/26 21:34:41.724 [I] [usercontroller.go:37]  current page:1, search keyword:

2021/05/26 21:34:43.654 [I] [authController.go:32]  current page:1, key word:

2021/05/26 21:34:44.238 [I] [authController.go:32]  current page:1, key word:

2021/05/26 21:41:47.073 [I] [authController.go:32]  current page:1, key word:

2021/05/26 21:52:30.087 [I] [app.go:215]  http server Running on http://:8080
2021/05/26 21:52:38.278 [I] [authController.go:32]  current page:1, key word:

2021/05/26 21:53:35.402 [I] [authController.go:88]  insert into sys_auth info:{46 ËßíËâ≤ÂàóË°® RoleController.List 3 ËßíËâ≤ÂàóË°®Ôºå‰∫åÁ∫ßËèúÂçï 2021-05-26 21:53:35.3420272 +0800 CST m=+65.846240401 1 0 96}

2021/05/26 21:53:35.405 [I] [authController.go:99]  insert into sys_auth success

2021/05/26 21:53:37.438 [I] [authController.go:32]  current page:1, key word:

2021/05/26 21:53:38.993 [I] [authController.go:32]  current page:1, key word:

2021/05/26 21:53:49.610 [I] [authController.go:32]  current page:1, key word:

2021/05/26 22:10:36.638 [I] [app.go:215]  http server Running on http://:8080
2021/05/26 22:10:38.176 [I] [app.go:215]  http server Running on http://:8080
2021/05/26 22:10:40.706 [I] [app.go:215]  http server Running on http://:8080
2021/05/26 22:10:41.847 [I] [roleController.go:33]  current page:1, search keyword:

2021/05/26 22:10:42.778 [I] [app.go:215]  http server Running on http://:8080
2021/05/26 22:10:44.666 [I] [app.go:215]  http server Running on http://:8080
2021/05/26 22:10:46.631 [I] [app.go:215]  http server Running on http://:8080
2021/05/26 22:10:47.683 [I] [roleController.go:33]  current page:1, search keyword:

2021/05/26 22:10:48.716 [I] [app.go:215]  http server Running on http://:8080
2021/05/26 22:10:50.699 [I] [app.go:215]  http server Running on http://:8080
2021/05/26 22:10:52.745 [I] [app.go:215]  http server Running on http://:8080
2021/05/26 22:10:54.723 [I] [app.go:215]  http server Running on http://:8080
2021/05/26 22:10:56.423 [I] [app.go:215]  http server Running on http://:8080
2021/05/26 22:10:58.318 [I] [app.go:215]  http server Running on http://:8080
2021/05/26 22:11:17.936 [I] [roleController.go:33]  current page:1, search keyword:

2021/05/26 22:11:18.692 [I] [roleController.go:33]  current page:1, search keyword:

2021/05/26 22:11:19.135 [I] [roleController.go:33]  current page:1, search keyword:

2021/05/26 22:11:44.180 [I] [roleController.go:33]  current page:1, search keyword:

2021/05/26 22:14:28.166 [I] [roleController.go:33]  current page:1, search keyword:

2021/05/26 22:14:58.363 [I] [app.go:215]  http server Running on http://:8080
2021/05/26 22:15:00.366 [I] [roleController.go:33]  current page:1, search keyword:

2021/05/26 22:15:50.190 [I] [app.go:215]  http server Running on http://:8080
2021/05/26 22:15:52.396 [I] [roleController.go:33]  current page:1, search keyword:

2021/05/26 22:17:27.165 [I] [app.go:215]  http server Running on http://:8080
2021/05/26 22:27:11.741 [I] [app.go:215]  http server Running on http://:8080
2021/05/26 22:27:17.742 [I] [roleController.go:34]  current page:1, search keyword:

2021/05/26 22:28:01.784 [I] [roleController.go:34]  current page:1, search keyword:

2021/05/26 22:29:28.068 [I] [app.go:215]  http server Running on http://:8080
2021/05/26 22:29:38.253 [I] [roleController.go:34]  current page:1, search keyword:

2021/05/26 22:29:49.265 [I] [roleController.go:34]  current page:1, search keyword:

2021/05/26 22:29:57.326 [I] [roleController.go:34]  current page:1, search keyword:

2021/05/26 22:34:13.892 [I] [roleController.go:34]  current page:1, search keyword:

2021/05/26 22:34:19.652 [I] [roleController.go:34]  current page:1, search keyword:

2021/05/26 22:34:41.232 [I] [roleController.go:34]  current page:1, search keyword:

2021/05/26 22:34:46.957 [I] [roleController.go:34]  current page:1, search keyword:

2021/05/26 22:36:52.692 [I] [app.go:215]  http server Running on http://:8080
2021/05/26 22:36:54.551 [I] [app.go:215]  http server Running on http://:8080
2021/05/26 22:37:02.340 [I] [roleController.go:34]  current page:1, search keyword:

2021/05/26 22:39:24.015 [I] [roleController.go:34]  current page:1, search keyword:

2021/05/26 22:39:43.321 [I] [roleController.go:34]  current page:1, search keyword:

2021/05/27 11:23:58.036 [I] [app.go:215]  http server Running on http://:8080
2021/05/27 11:24:07.200 [I] [loginController.go:60]  username:admin or password:zhangsan login success

2021/05/27 11:24:09.206 [I] [usercontroller.go:37]  current page:1, search keyword:

2021/05/27 11:24:11.162 [I] [authController.go:32]  current page:1, key word:

2021/05/27 11:24:12.247 [I] [roleController.go:34]  current page:1, search keyword:

2021/05/27 11:39:33.995 [I] [app.go:215]  http server Running on http://:8080
2021/05/27 11:39:39.312 [I] [roleController.go:34]  current page:1, search keyword:

2021/05/27 11:40:45.758 [I] [app.go:215]  http server Running on http://:8080
2021/05/27 11:40:49.292 [I] [roleController.go:34]  current page:1, search keyword:

2021/05/27 11:43:44.944 [I] [app.go:215]  http server Running on http://:8080
2021/05/27 11:43:49.368 [I] [roleController.go:34]  current page:1, search keyword:

2021/05/27 11:44:43.658 [I] [roleController.go:34]  current page:1, search keyword:

2021/05/27 11:45:32.100 [I] [roleController.go:34]  current page:1, search keyword:

2021/05/27 11:47:10.899 [I] [usercontroller.go:37]  current page:1, search keyword:

2021/05/27 11:47:29.383 [I] [usercontroller.go:166]  userId:1 try to update

2021/05/27 11:49:53.383 [I] [roleController.go:34]  current page:1, search keyword:

2021/05/27 11:54:03.353 [I] [app.go:215]  http server Running on http://:8080
2021/05/27 11:54:06.218 [I] [roleController.go:34]  current page:1, search keyword:

2021/05/27 11:55:01.578 [I] [roleController.go:34]  current page:1, search keyword:

2021/05/27 12:01:39.510 [I] [roleController.go:34]  current page:1, search keyword:

2021/05/27 12:05:41.234 [I] [app.go:215]  http server Running on http://:8080
2021/05/27 12:05:43.701 [I] [roleController.go:34]  current page:1, search keyword:

2021/05/27 12:06:28.132 [I] [app.go:215]  http server Running on http://:8080
2021/05/27 12:06:30.038 [I] [roleController.go:34]  current page:1, search keyword:

2021/05/27 12:07:28.878 [I] [app.go:215]  http server Running on http://:8080
2021/05/27 12:07:31.622 [I] [roleController.go:34]  current page:1, search keyword:

2021/05/27 12:08:26.252 [I] [roleController.go:34]  current page:1, search keyword:

2021/05/27 12:17:52.005 [I] [authController.go:32]  current page:1, key word:

2021/05/27 12:18:04.994 [I] [usercontroller.go:37]  current page:1, search keyword:

2021/05/27 12:20:52.302 [I] [roleController.go:34]  current page:1, search keyword:

2021/05/27 12:20:56.384 [I] [roleController.go:34]  current page:1, search keyword:

2021/05/27 12:32:24.992 [I] [app.go:215]  http server Running on http://:8080
2021/05/27 12:32:26.991 [I] [app.go:215]  http server Running on http://:8080
2021/05/27 12:32:27.846 [I] [roleController.go:34]  current page:1, search keyword:

2021/05/27 12:32:29.131 [I] [app.go:215]  http server Running on http://:8080
2021/05/27 12:32:30.947 [I] [app.go:215]  http server Running on http://:8080
2021/05/27 12:32:32.784 [I] [app.go:215]  http server Running on http://:8080
2021/05/27 12:32:34.663 [I] [app.go:215]  http server Running on http://:8080
2021/05/27 12:32:35.667 [I] [roleController.go:34]  current page:1, search keyword:

2021/05/27 12:32:36.684 [I] [app.go:215]  http server Running on http://:8080
2021/05/27 12:32:38.661 [I] [app.go:215]  http server Running on http://:8080
2021/05/27 12:32:40.464 [I] [app.go:215]  http server Running on http://:8080
2021/05/27 12:32:42.246 [I] [app.go:215]  http server Running on http://:8080
2021/05/27 12:32:44.266 [I] [app.go:215]  http server Running on http://:8080
2021/05/27 12:32:46.187 [I] [app.go:215]  http server Running on http://:8080
2021/05/27 12:42:07.372 [I] [app.go:215]  http server Running on http://:8080
2021/05/27 12:42:17.552 [I] [roleController.go:34]  current page:1, search keyword:

2021/05/27 12:44:04.964 [I] [roleController.go:34]  current page:1, search keyword:

2021/05/27 12:56:06.178 [I] [app.go:215]  http server Running on http://:8080
2021/05/27 12:56:11.613 [I] [roleController.go:35]  current page:1, search keyword:

2021/05/27 13:07:13.563 [I] [app.go:215]  http server Running on http://:8080
2021/05/27 13:07:22.403 [I] [roleController.go:36]  current page:1, search keyword:

2021/05/27 13:59:16.063 [I] [app.go:215]  http server Running on http://:8080
2021/05/27 13:59:17.784 [I] [app.go:215]  http server Running on http://:8080
2021/05/27 13:59:17.901 [I] [roleController.go:36]  current page:1, search keyword:

2021/05/27 13:59:19.791 [I] [app.go:215]  http server Running on http://:8080
2021/05/27 13:59:21.816 [I] [app.go:215]  http server Running on http://:8080
2021/05/27 13:59:23.659 [I] [app.go:215]  http server Running on http://:8080
2021/05/27 13:59:25.687 [I] [app.go:215]  http server Running on http://:8080
2021/05/27 13:59:27.662 [I] [app.go:215]  http server Running on http://:8080
2021/05/27 13:59:29.628 [I] [app.go:215]  http server Running on http://:8080
2021/05/27 13:59:31.515 [I] [app.go:215]  http server Running on http://:8080
2021/05/27 13:59:33.640 [I] [app.go:215]  http server Running on http://:8080
2021/05/27 13:59:35.755 [I] [app.go:215]  http server Running on http://:8080
2021/05/27 13:59:35.906 [I] [roleController.go:36]  current page:1, search keyword:

2021/05/27 13:59:37.873 [I] [app.go:215]  http server Running on http://:8080
2021/05/27 14:03:04.643 [I] [app.go:215]  http server Running on http://:8080
2021/05/27 14:03:06.202 [I] [app.go:215]  http server Running on http://:8080
2021/05/27 14:03:12.999 [I] [loginController.go:60]  username:admin or password:zhangsan login success

2021/05/27 14:03:15.122 [I] [roleController.go:36]  current page:1, search keyword:

2021/05/27 14:03:26.147 [I] [roleController.go:36]  current page:1, search keyword:

2021/05/27 14:03:27.688 [I] [roleController.go:36]  current page:1, search keyword:

2021/05/27 14:03:51.810 [I] [roleController.go:36]  current page:1, search keyword:

2021/05/27 14:10:20.692 [I] [app.go:215]  http server Running on http://:8080
2021/05/27 14:10:23.870 [I] [roleController.go:36]  current page:1, search keyword:

2021/05/27 14:11:57.521 [I] [roleController.go:36]  current page:1, search keyword:

2021/05/27 14:17:30.089 [I] [app.go:215]  http server Running on http://:8080
2021/05/27 14:17:36.946 [I] [roleController.go:36]  current page:1, search keyword:

2021/05/27 14:29:47.547 [I] [app.go:215]  http server Running on http://:8080
2021/05/27 14:29:49.108 [I] [roleController.go:36]  current page:1, search keyword:

2021/05/27 14:57:14.846 [I] [app.go:215]  http server Running on http://:8080
2021/05/27 14:57:17.452 [I] [roleController.go:36]  current page:1, search keyword:

2021/05/27 14:57:56.699 [I] [app.go:215]  http server Running on http://:8080
2021/05/27 14:57:59.709 [I] [roleController.go:36]  current page:1, search keyword:

2021/05/27 15:00:45.998 [I] [roleController.go:36]  current page:1, search keyword:

2021/05/27 15:01:59.005 [I] [roleController.go:36]  current page:1, search keyword:

2021/05/27 15:09:53.596 [I] [app.go:215]  http server Running on http://:8080
2021/05/27 15:09:54.841 [I] [app.go:215]  http server Running on http://:8080
2021/05/27 15:09:57.151 [I] [app.go:215]  http server Running on http://:8080
2021/05/27 15:09:57.471 [I] [roleController.go:37]  current page:1, search keyword:

2021/05/27 15:09:59.115 [I] [app.go:215]  http server Running on http://:8080
2021/05/27 15:10:01.232 [I] [app.go:215]  http server Running on http://:8080
2021/05/27 15:10:03.257 [I] [app.go:215]  http server Running on http://:8080
2021/05/27 15:10:05.238 [I] [app.go:215]  http server Running on http://:8080
2021/05/27 15:10:07.620 [I] [app.go:215]  http server Running on http://:8080
2021/05/27 15:10:09.795 [I] [app.go:215]  http server Running on http://:8080
2021/05/27 15:10:11.783 [I] [app.go:215]  http server Running on http://:8080
2021/05/27 15:10:13.595 [I] [app.go:215]  http server Running on http://:8080
2021/05/27 15:10:15.694 [I] [app.go:215]  http server Running on http://:8080
2021/05/27 15:39:33.260 [I] [app.go:215]  http server Running on http://:8080
2021/05/27 15:39:37.927 [I] [roleController.go:36]  current page:1, search keyword:

2021/05/27 15:41:09.436 [I] [roleController.go:36]  current page:1, search keyword:

2021/05/27 16:00:31.522 [I] [app.go:215]  http server Running on http://:8080
2021/05/27 16:00:33.460 [I] [app.go:215]  http server Running on http://:8080
2021/05/27 16:00:42.873 [I] [roleController.go:37]  current page:1, search keyword:

2021/05/27 16:02:01.020 [I] [app.go:215]  http server Running on http://:8080
2021/05/27 16:02:08.432 [I] [roleController.go:37]  current page:1, search keyword:

2021/05/27 16:05:47.435 [I] [app.go:215]  http server Running on http://:8080
2021/05/27 16:05:49.572 [I] [roleController.go:37]  current page:1, search keyword:

2021/05/27 16:25:41.545 [I] [app.go:215]  http server Running on http://:8080
2021/05/27 16:25:43.866 [I] [app.go:215]  http server Running on http://:8080
2021/05/27 16:25:46.136 [I] [app.go:215]  http server Running on http://:8080
2021/05/27 16:25:46.348 [I] [roleController.go:36]  current page:1, search keyword:

2021/05/27 16:25:48.266 [I] [app.go:215]  http server Running on http://:8080
2021/05/27 16:25:50.504 [I] [app.go:215]  http server Running on http://:8080
2021/05/27 16:25:52.712 [I] [app.go:215]  http server Running on http://:8080
2021/05/27 16:25:54.713 [I] [app.go:215]  http server Running on http://:8080
2021/05/27 16:25:56.554 [I] [app.go:215]  http server Running on http://:8080
2021/05/27 16:25:58.341 [I] [app.go:215]  http server Running on http://:8080
2021/05/27 16:26:00.190 [I] [app.go:215]  http server Running on http://:8080
2021/05/27 16:26:02.029 [I] [app.go:215]  http server Running on http://:8080
2021/05/27 16:26:03.932 [I] [app.go:215]  http server Running on http://:8080
2021/05/27 16:27:14.209 [I] [roleController.go:36]  current page:1, search keyword:

2021/05/27 16:27:46.229 [I] [roleController.go:36]  current page:1, search keyword:

2021/05/27 16:29:18.152 [I] [app.go:215]  http server Running on http://:8080
2021/05/27 16:29:19.783 [I] [roleController.go:36]  current page:1, search keyword:

2021/05/27 16:34:30.852 [I] [app.go:215]  http server Running on http://:8080
2021/05/27 16:34:42.101 [I] [loginController.go:60]  username:admin or password:zhangsan login success

2021/05/27 16:34:44.121 [I] [roleController.go:36]  current page:1, search keyword:

2021/05/27 16:37:22.168 [I] [app.go:215]  http server Running on http://:8080
2021/05/27 16:37:24.874 [I] [roleController.go:36]  current page:1, search keyword:

2021/05/27 16:37:43.143 [I] [roleController.go:36]  current page:1, search keyword:

2021/05/27 16:38:12.151 [I] [roleController.go:36]  current page:1, search keyword:

2021/05/27 17:01:22.842 [I] [app.go:215]  http server Running on http://:8080
2021/05/27 17:01:45.565 [I] [roleController.go:36]  current page:1, search keyword:

2021/05/27 17:03:08.502 [I] [roleController.go:36]  current page:1, search keyword:

2021/05/27 17:03:58.704 [I] [roleController.go:36]  current page:1, search keyword:

2021/05/27 17:04:11.251 [I] [roleController.go:36]  current page:1, search keyword:

2021/05/27 17:05:02.646 [I] [app.go:215]  http server Running on http://:8080
2021/05/27 17:05:05.481 [I] [roleController.go:36]  current page:1, search keyword:

2021/05/27 17:05:39.123 [I] [roleController.go:36]  current page:1, search keyword:

2021/05/27 17:06:30.931 [I] [roleController.go:36]  current page:1, search keyword:

2021/05/27 17:12:03.652 [I] [app.go:215]  http server Running on http://:8080
2021/05/27 17:12:05.870 [I] [roleController.go:36]  current page:1, search keyword:

2021/05/27 17:14:15.810 [I] [app.go:215]  http server Running on http://:8080
2021/05/27 17:14:20.871 [I] [roleController.go:36]  current page:1, search keyword:

2021/05/27 17:28:30.045 [I] [roleController.go:36]  current page:1, search keyword:

2021/05/27 17:29:24.389 [I] [app.go:215]  http server Running on http://:8080
2021/05/27 17:29:26.242 [I] [app.go:215]  http server Running on http://:8080
2021/05/27 17:29:28.200 [I] [app.go:215]  http server Running on http://:8080
2021/05/27 17:29:30.218 [I] [app.go:215]  http server Running on http://:8080
2021/05/27 17:29:34.900 [I] [app.go:215]  http server Running on http://:8080
2021/05/27 17:29:38.828 [I] [roleController.go:36]  current page:1, search keyword:

2021/05/27 17:30:41.852 [I] [roleController.go:36]  current page:1, search keyword:

2021/05/27 17:33:40.357 [I] [roleController.go:36]  current page:1, search keyword:

2021/05/27 17:35:43.873 [I] [app.go:215]  http server Running on http://:8080
2021/05/27 17:35:47.550 [I] [roleController.go:36]  current page:1, search keyword:

2021/05/27 17:36:49.361 [I] [roleController.go:36]  current page:1, search keyword:

2021/05/27 17:37:08.808 [I] [roleController.go:36]  current page:1, search keyword:

2021/05/27 17:37:35.979 [I] [app.go:215]  http server Running on http://:8080
2021/05/27 17:37:42.763 [I] [loginController.go:60]  username:admin or password:zhangsan login success

2021/05/27 17:37:44.868 [I] [roleController.go:36]  current page:1, search keyword:

2021/05/27 17:43:36.186 [I] [app.go:215]  http server Running on http://:8080
2021/05/27 17:43:43.095 [I] [loginController.go:60]  username:admin or password:zhangsan login success

2021/05/27 17:43:44.961 [I] [roleController.go:36]  current page:1, search keyword:

2021/05/27 17:44:21.435 [I] [roleController.go:36]  current page:1, search keyword:

2021/05/27 17:45:50.066 [I] [app.go:215]  http server Running on http://:8080
2021/05/27 17:45:52.787 [I] [roleController.go:36]  current page:1, search keyword:

2021/05/27 17:46:39.650 [I] [app.go:215]  http server Running on http://:8080
2021/05/27 17:46:42.776 [I] [authController.go:32]  current page:1, key word:

2021/05/27 17:46:44.829 [I] [roleController.go:36]  current page:1, search keyword:

2021/05/27 17:49:29.366 [I] [app.go:215]  http server Running on http://:8080
2021/05/27 17:49:43.875 [I] [roleController.go:36]  current page:1, search keyword:

2021/05/27 17:49:52.659 [I] [roleController.go:36]  current page:1, search keyword:

2021/05/27 17:50:11.182 [I] [roleController.go:36]  current page:1, search keyword:

2021/05/27 17:51:43.479 [I] [app.go:215]  http server Running on http://:8080
2021/05/27 17:51:46.958 [I] [roleController.go:36]  current page:1, search keyword:

2021/05/27 17:51:54.261 [I] [roleController.go:36]  current page:1, search keyword:

2021/05/27 17:52:08.360 [I] [roleController.go:36]  current page:1, search keyword:

2021/05/27 17:52:08.771 [I] [roleController.go:36]  current page:1, search keyword:

2021/05/27 17:52:34.593 [I] [roleController.go:36]  current page:1, search keyword:

2021/05/27 17:53:28.253 [I] [app.go:215]  http server Running on http://:8080
2021/05/27 17:53:35.844 [I] [loginController.go:60]  username:admin or password:zhangsan login success

2021/05/27 17:53:38.100 [I] [roleController.go:36]  current page:1, search keyword:

2021/05/27 17:53:52.597 [I] [roleController.go:36]  current page:1, search keyword:

2021/05/27 17:54:41.101 [I] [roleController.go:36]  current page:1, search keyword:

2021/05/27 17:54:48.315 [I] [roleController.go:36]  current page:1, search keyword:

2021/05/27 17:55:06.431 [I] [roleController.go:36]  current page:1, search keyword:

2021/05/27 17:57:34.146 [I] [roleController.go:36]  current page:1, search keyword:

2021/05/27 17:57:58.456 [I] [roleController.go:36]  current page:1, search keyword:

2021/05/27 17:58:07.198 [I] [roleController.go:36]  current page:1, search keyword:

2021/05/27 17:59:56.463 [I] [app.go:215]  http server Running on http://:8080
2021/05/27 18:00:00.604 [I] [roleController.go:36]  current page:1, search keyword:

2021/05/27 18:00:05.518 [I] [roleController.go:36]  current page:1, search keyword:

2021/05/27 18:00:46.915 [I] [app.go:215]  http server Running on http://:8080
2021/05/27 18:01:07.538 [I] [roleController.go:36]  current page:1, search keyword:

2021/05/27 18:01:13.485 [I] [roleController.go:36]  current page:1, search keyword:

2021/05/27 18:04:33.287 [I] [app.go:215]  http server Running on http://:8080
2021/05/27 18:05:17.358 [I] [app.go:215]  http server Running on http://:8080
2021/05/27 18:06:08.763 [I] [app.go:215]  http server Running on http://:8080
2021/05/27 18:07:36.254 [I] [app.go:215]  http server Running on http://:8080
2021/05/27 18:11:04.328 [I] [app.go:215]  http server Running on http://:8080
2021/05/27 18:18:22.264 [I] [app.go:215]  http server Running on http://:8080
2021/05/27 18:18:24.037 [I] [app.go:215]  http server Running on http://:8080
2021/05/27 18:19:59.079 [I] [app.go:215]  http server Running on http://:8080
2021/05/27 20:37:36.827 [I] [app.go:215]  http server Running on http://:8080
2021/05/27 20:37:43.722 [I] [usercontroller.go:37]  current page:1, search keyword:

2021/05/27 20:37:45.366 [I] [usercontroller.go:37]  current page:2, search keyword:

2021/05/27 20:37:46.414 [I] [usercontroller.go:37]  current page:1, search keyword:

2021/05/27 20:37:48.192 [I] [authController.go:32]  current page:1, key word:

2021/05/27 20:39:30.440 [I] [app.go:215]  http server Running on http://:8080
2021/05/27 20:47:08.874 [I] [app.go:215]  http server Running on http://:8080
2021/05/27 20:47:15.530 [I] [loginController.go:60]  username:admin or password:zhangsan login success

2021/05/27 20:52:59.039 [I] [app.go:215]  http server Running on http://:8080
2021/05/27 20:53:08.572 [I] [loginController.go:60]  username:admin or password:zhangsan login success

2021/05/27 21:02:32.328 [I] [app.go:215]  http server Running on http://:8080
2021/05/27 21:02:40.024 [I] [loginController.go:60]  username:admin or password:zhangsan login success

2021/05/27 21:03:33.330 [I] [loginController.go:60]  username:admin1111 or password:111111111 login success

2021/05/27 21:04:10.604 [I] [usercontroller.go:37]  current page:1, search keyword:

2021/05/27 21:04:13.570 [I] [usercontroller.go:37]  current page:1, search keyword:

2021/05/27 21:05:00.193 [I] [authController.go:32]  current page:1, key word:

2021/05/27 21:05:56.866 [I] [loginController.go:60]  username:admin or password:zhangsan login success

2021/05/27 21:14:59.962 [I] [app.go:215]  http server Running on http://:8080
2021/05/27 21:15:05.542 [I] [loginController.go:60]  username:admin or password:zhangsan login success

2021/05/27 21:18:06.388 [I] [app.go:215]  http server Running on http://:8080
2021/05/27 21:18:11.693 [I] [loginController.go:60]  username:admin or password:zhangsan login success

2021/05/27 21:19:55.032 [I] [loginController.go:60]  username:admin1111 or password:111111111 login success

2021/05/27 21:21:25.947 [I] [app.go:215]  http server Running on http://:8080
2021/05/27 21:21:42.887 [I] [loginController.go:60]  username:admin1111 or password:111111111 login success

2021/05/27 21:23:48.381 [I] [app.go:215]  http server Running on http://:8080
2021/05/27 21:23:56.706 [I] [loginController.go:60]  username:admin1111 or password:111111111 login success

2021/05/27 21:27:36.320 [I] [app.go:215]  http server Running on http://:8080
2021/05/27 21:27:46.201 [I] [loginController.go:60]  username:admin1111 or password:111111111 login success

2021/05/27 21:30:42.558 [I] [app.go:215]  http server Running on http://:8080
2021/05/27 21:30:55.973 [I] [loginController.go:60]  username:admin1111 or password:111111111 login success

2021/05/27 21:32:08.190 [I] [app.go:215]  http server Running on http://:8080
2021/05/27 21:32:18.790 [I] [loginController.go:60]  username:admin1111 or password:111111111 login success

2021/05/27 21:38:09.905 [I] [app.go:215]  http server Running on http://:8080
2021/05/27 21:38:11.422 [I] [app.go:215]  http server Running on http://:8080
2021/05/27 21:38:13.296 [I] [app.go:215]  http server Running on http://:8080
2021/05/27 21:38:15.039 [I] [app.go:215]  http server Running on http://:8080
2021/05/27 21:38:16.826 [I] [app.go:215]  http server Running on http://:8080
2021/05/27 21:38:18.739 [I] [app.go:215]  http server Running on http://:8080
2021/05/27 21:38:25.838 [I] [app.go:215]  http server Running on http://:8080
2021/05/27 21:38:32.986 [I] [loginController.go:60]  username:admin1111 or password:111111111 login success

2021/05/27 21:40:05.085 [I] [app.go:215]  http server Running on http://:8080
2021/05/27 21:40:06.891 [I] [app.go:215]  http server Running on http://:8080
2021/05/27 21:40:12.592 [I] [loginController.go:50]  captcha is wrong:false

2021/05/27 21:40:17.701 [I] [loginController.go:60]  username:admin1111 or password:111111111 login success

2021/05/27 21:42:38.980 [I] [app.go:215]  http server Running on http://:8080
2021/05/27 21:42:49.795 [I] [loginController.go:60]  username:admin1111 or password:111111111 login success

2021/05/27 21:51:51.739 [I] [app.go:215]  http server Running on http://:8080
2021/05/27 21:51:52.912 [I] [app.go:215]  http server Running on http://:8080
2021/05/27 21:51:59.422 [I] [app.go:215]  http server Running on http://:8080
2021/05/27 21:52:08.820 [I] [loginController.go:60]  username:admin1111 or password:111111111 login success

2021/05/27 21:52:49.200 [I] [app.go:215]  http server Running on http://:8080
2021/05/27 21:53:03.813 [I] [loginController.go:60]  username:admin1111 or password:111111111 login success

2021/05/27 21:54:48.641 [I] [app.go:215]  http server Running on http://:8080
2021/05/27 21:54:58.443 [I] [loginController.go:60]  username:admin1111 or password:111111111 login success

2021/05/27 21:58:25.080 [I] [app.go:215]  http server Running on http://:8080
2021/05/27 21:58:32.767 [I] [loginController.go:60]  username:admin1111 or password:111111111 login success

2021/05/27 22:00:16.709 [I] [app.go:215]  http server Running on http://:8080
2021/05/27 22:00:24.595 [I] [loginController.go:60]  username:admin1111 or password:111111111 login success

2021/05/27 22:01:31.322 [I] [app.go:215]  http server Running on http://:8080
2021/05/27 22:01:37.455 [I] [loginController.go:60]  username:admin1111 or password:111111111 login success

2021/05/27 22:02:05.461 [I] [app.go:215]  http server Running on http://:8080
2021/05/27 22:02:14.077 [I] [loginController.go:60]  username:admin1111 or password:111111111 login success

2021/05/27 22:09:42.152 [I] [app.go:215]  http server Running on http://:8080
2021/05/27 22:09:53.535 [I] [loginController.go:60]  username:admin1111 or password:111111111 login success

2021/05/27 22:12:25.918 [I] [app.go:215]  http server Running on http://:8080
2021/05/27 22:12:32.600 [I] [loginController.go:60]  username:admin1111 or password:111111111 login success

2021/05/27 22:13:00.288 [I] [usercontroller.go:37]  current page:1, search keyword:

2021/05/27 22:13:11.921 [I] [loginController.go:60]  username:admin1111 or password:111111111 login success

2021/05/27 22:16:17.714 [I] [usercontroller.go:37]  current page:1, search keyword:

2021/05/27 22:16:30.894 [I] [loginController.go:60]  username:admin or password:zhangsan login success

2021/05/27 22:17:16.401 [I] [authController.go:32]  current page:1, key word:

2021/05/27 22:18:21.358 [I] [authController.go:88]  insert into sys_auth info:{47 Ë¥¢Âä°ÁÆ°ÁêÜ # 0 Ë¥¢Âä°ÁÆ°ÁêÜÔºå‰∏ÄÁ∫ßËèúÂçï 2021-05-27 22:18:21.340672 +0800 CST m=+355.735596801 1 0 95 []}

2021/05/27 22:18:21.362 [I] [authController.go:99]  insert into sys_auth success

2021/05/27 22:18:23.407 [I] [authController.go:32]  current page:1, key word:

2021/05/27 22:18:31.197 [I] [authController.go:32]  current page:1, key word:

2021/05/27 22:23:49.065 [I] [app.go:215]  http server Running on http://:8080
2021/05/27 22:23:57.997 [I] [loginController.go:60]  username:admin1111 or password:111111111 login success

2021/05/27 22:32:05.634 [I] [app.go:215]  http server Running on http://:8080
2021/05/27 22:32:14.026 [I] [loginController.go:60]  username:admin or password:zhangsan login success

2021/05/27 22:32:20.148 [I] [authController.go:32]  current page:1, key word:

2021/05/27 22:32:38.494 [I] [authController.go:88]  insert into sys_auth info:{48 ‰∏™‰∫∫‰∏≠ÂøÉ # 0 ‰∏™‰∫∫‰∏≠ÂøÉÔºå‰∏ÄÁ∫ßËèúÂçï 2021-05-27 22:32:38.4814566 +0800 CST m=+33.243355501 1 0 95 []}

2021/05/27 22:32:38.497 [I] [authController.go:99]  insert into sys_auth success

2021/05/27 22:32:40.532 [I] [authController.go:32]  current page:1, key word:

2021/05/27 22:32:44.780 [I] [authController.go:32]  current page:1, key word:

2021/05/27 22:33:42.322 [I] [authController.go:88]  insert into sys_auth info:{49 ‰∏™‰∫∫‰ø°ÊÅØ /m/mycenter-list 48 ‰∏™‰∫∫‰ø°ÊÅØÔºå‰∫åÁ∫ßËèúÂçï 2021-05-27 22:33:42.3146859 +0800 CST m=+97.076584801 1 0 94 []}

2021/05/27 22:33:42.325 [I] [authController.go:99]  insert into sys_auth success

2021/05/27 22:33:44.357 [I] [authController.go:32]  current page:1, key word:

2021/05/27 22:33:46.952 [I] [authController.go:32]  current page:1, key word:

2021/05/27 22:34:47.080 [I] [authController.go:88]  insert into sys_auth info:{50 Â∑•ËµÑÊù° /my/finace-list 48 Â∑•ËµÑÊù°Ôºå‰∫åÁ∫ßËèúÂçï 2021-05-27 22:34:47.0696124 +0800 CST m=+161.831511301 1 0 93 []}

2021/05/27 22:34:47.082 [I] [authController.go:99]  insert into sys_auth success

2021/05/27 22:34:49.112 [I] [authController.go:32]  current page:1, key word:

2021/05/27 22:34:51.702 [I] [authController.go:32]  current page:1, key word:

2021/05/27 22:34:53.209 [I] [authController.go:32]  current page:2, key word:

2021/05/27 22:34:54.396 [I] [authController.go:32]  current page:1, key word:

2021/05/27 22:34:57.331 [I] [authController.go:32]  current page:2, key word:

2021/05/27 22:35:00.464 [I] [authController.go:32]  current page:1, key word:

2021/05/27 22:35:23.252 [I] [authController.go:32]  current page:1, key word:

2021/05/27 22:42:31.446 [I] [app.go:215]  http server Running on http://:8080
2021/05/27 22:42:33.674 [I] [app.go:215]  http server Running on http://:8080
2021/05/27 22:42:36.077 [I] [app.go:215]  http server Running on http://:8080
2021/05/27 22:42:38.100 [I] [app.go:215]  http server Running on http://:8080
2021/05/27 22:42:40.562 [I] [app.go:215]  http server Running on http://:8080
2021/05/27 22:42:43.254 [I] [app.go:215]  http server Running on http://:8080
2021/05/27 22:42:51.916 [I] [app.go:215]  http server Running on http://:8080
2021/05/27 22:42:59.639 [I] [loginController.go:60]  username:admin or password:zhangsan login success

2021/05/27 22:43:36.984 [I] [app.go:215]  http server Running on http://:8080
2021/05/27 22:44:13.890 [I] [app.go:215]  http server Running on http://:8080
2021/05/27 22:44:23.386 [I] [loginController.go:60]  username:admin or password:zhangsan login success

2021/05/27 22:47:09.350 [I] [app.go:215]  http server Running on http://:8080
2021/05/27 22:47:15.545 [I] [loginController.go:60]  username:admin or password:zhangsan login success

2021/05/27 22:56:14.011 [I] [app.go:215]  http server Running on http://:8080
2021/05/27 22:56:15.959 [I] [app.go:215]  http server Running on http://:8080
2021/05/27 22:56:22.490 [I] [loginController.go:60]  username:admin or password:zhangsan login success

2021/05/27 23:10:30.723 [I] [app.go:215]  http server Running on http://:8080
2021/05/27 23:10:44.902 [I] [loginController.go:50]  captcha is wrong:false

2021/05/27 23:10:49.683 [I] [loginController.go:60]  username:admin or password:zhangsan login success

2021/05/27 23:11:22.919 [I] [usercontroller.go:37]  current page:1, search keyword:

2021/05/27 23:11:25.798 [I] [usercontroller.go:37]  current page:1, search keyword:

2021/05/27 23:17:01.869 [I] [app.go:215]  http server Running on http://:8080
2021/05/27 23:17:09.447 [I] [loginController.go:45]  username:admin or password:◊Ù`ñ{ŸD5Ú*πØ wrong

2021/05/27 23:17:23.562 [I] [loginController.go:50]  captcha is wrong:false

2021/05/27 23:17:29.290 [I] [loginController.go:60]  username:admin or password:000000 login success

2021/05/28 00:02:43.376 [I] [app.go:215]  http server Running on http://:8080
2021/05/28 00:02:44.820 [I] [app.go:215]  http server Running on http://:8080
2021/05/28 00:02:46.473 [I] [app.go:215]  http server Running on http://:8080
2021/05/28 00:02:52.666 [I] [app.go:215]  http server Running on http://:8080
2021/05/28 00:03:04.981 [I] [loginController.go:60]  username:admin or password:000000 login success

2021/05/28 00:04:00.709 [I] [app.go:215]  http server Running on http://:8080
2021/05/28 00:04:05.876 [I] [loginController.go:60]  username:admin or password:000000 login success

2021/05/28 00:04:41.989 [I] [loginController.go:60]  username:admin1111 or password:111111111 login success

2021/05/28 00:04:44.783 [I] [usercontroller.go:37]  current page:1, search keyword:

2021/05/28 00:06:34.031 [I] [app.go:215]  http server Running on http://:8080
2021/05/28 00:06:46.634 [I] [loginController.go:60]  username:admin1111 or password:111111111 login success

2021/05/28 00:08:42.826 [I] [app.go:215]  http server Running on http://:8080
2021/05/28 00:08:54.047 [I] [loginController.go:60]  username:admin1111 or password:111111111 login success

2021/05/28 00:09:03.454 [I] [loginController.go:45]  username:admin or password:ñÁíñ^∑,í•I›Z3 wrong

2021/05/28 00:09:10.796 [I] [loginController.go:60]  username:admin or password:000000 login success

2021/05/28 00:09:29.327 [I] [authController.go:32]  current page:1, key word:

2021/05/28 00:16:33.348 [I] [app.go:215]  http server Running on http://:8080
2021/05/28 00:16:35.188 [I] [app.go:215]  http server Running on http://:8080
2021/05/28 00:16:46.002 [I] [loginController.go:45]  username:admin or password:ñÁíñ^∑,í•I›Z3 wrong

2021/05/28 00:16:51.010 [I] [loginController.go:45]  username:admin or password:ñÁíñ^∑,í•I›Z3 wrong

2021/05/28 00:16:58.695 [I] [loginController.go:60]  username:admin or password:000000 login success

2021/05/28 00:17:02.081 [I] [authController.go:32]  current page:1, key word:

2021/05/28 00:17:09.796 [I] [authController.go:32]  current page:1, key word:

2021/05/28 00:17:28.355 [I] [authController.go:32]  current page:1, key word:

2021/05/28 00:20:00.879 [I] [app.go:215]  http server Running on http://:8080
2021/05/28 00:20:08.335 [I] [loginController.go:60]  username:admin or password:000000 login success

2021/05/28 00:20:11.877 [I] [authController.go:32]  current page:1, key word:

2021/05/28 00:20:17.441 [I] [authController.go:32]  current page:1, key word:

2021/05/28 00:21:01.043 [I] [authController.go:32]  current page:1, key word:

2021/05/28 00:21:15.233 [I] [authController.go:32]  current page:1, key word:

2021/05/28 14:32:05.385 [I] [app.go:215]  http server Running on http://:8080
2021/05/28 14:32:12.330 [I] [loginController.go:45]  username:admin or password:◊Ù`ñ{ŸD5Ú*πØ wrong

2021/05/28 14:32:18.082 [I] [loginController.go:60]  username:admin or password:000000 login success

2021/05/28 14:32:26.003 [I] [authController.go:32]  current page:1, key word:

2021/05/28 14:32:35.358 [I] [authController.go:32]  current page:1, key word:

2021/05/28 14:32:38.931 [I] [authController.go:32]  current page:1, key word:

2021/05/28 14:33:08.522 [I] [authController.go:32]  current page:1, key word:

2021/05/28 14:34:02.613 [I] [app.go:215]  http server Running on http://:8080
2021/05/28 14:34:09.052 [I] [loginController.go:60]  username:admin or password:000000 login success

2021/05/28 14:34:11.394 [I] [authController.go:32]  current page:1, key word:

2021/05/28 15:00:54.683 [I] [app.go:215]  http server Running on http://:8080
2021/05/28 15:01:03.346 [I] [loginController.go:60]  username:admin or password:000000 login success

2021/05/28 15:02:44.061 [I] [authController.go:32]  current page:1, key word:

2021/05/28 15:03:40.485 [I] [app.go:215]  http server Running on http://:8080
2021/05/28 15:03:42.228 [I] [app.go:215]  http server Running on http://:8080
2021/05/28 15:03:44.055 [I] [app.go:215]  http server Running on http://:8080
2021/05/28 15:03:45.997 [I] [app.go:215]  http server Running on http://:8080
2021/05/28 15:03:46.227 [I] [loginController.go:50]  captcha is wrong:false

2021/05/28 15:03:47.828 [I] [app.go:215]  http server Running on http://:8080
2021/05/28 15:03:49.898 [I] [app.go:215]  http server Running on http://:8080
2021/05/28 15:03:51.614 [I] [app.go:215]  http server Running on http://:8080
2021/05/28 15:03:51.637 [I] [loginController.go:50]  captcha is wrong:false

2021/05/28 15:03:53.653 [I] [app.go:215]  http server Running on http://:8080
2021/05/28 15:03:58.422 [I] [app.go:215]  http server Running on http://:8080
2021/05/28 15:04:06.281 [I] [loginController.go:60]  username:admin or password:000000 login success

2021/05/28 15:05:36.071 [I] [app.go:215]  http server Running on http://:8080
2021/05/28 15:05:42.517 [I] [loginController.go:60]  username:admin or password:000000 login success

2021/05/28 15:06:00.129 [I] [app.go:215]  http server Running on http://:8080
2021/05/28 15:06:05.329 [I] [loginController.go:60]  username:admin or password:000000 login success

2021/05/28 15:09:03.881 [I] [app.go:215]  http server Running on http://:8080
2021/05/28 15:09:11.020 [I] [loginController.go:60]  username:admin or password:000000 login success

2021/05/28 15:14:28.293 [I] [app.go:215]  http server Running on http://:8080
2021/05/28 15:14:33.509 [I] [loginController.go:60]  username:admin or password:000000 login success

2021/05/28 15:20:30.076 [I] [app.go:215]  http server Running on http://:8080
2021/05/28 15:20:35.699 [I] [loginController.go:60]  username:admin or password:000000 login success

2021/05/28 15:21:48.284 [I] [app.go:215]  http server Running on http://:8080
2021/05/28 15:22:11.311 [I] [loginController.go:60]  username:admin or password:000000 login success

2021/05/28 15:23:41.783 [I] [app.go:215]  http server Running on http://:8080
2021/05/28 15:23:51.512 [I] [loginController.go:60]  username:admin or password:000000 login success

2021/05/28 15:27:28.349 [I] [loginController.go:60]  username:admin or password:000000 login success

2021/05/28 15:47:43.466 [I] [app.go:215]  http server Running on http://:8080
2021/05/28 15:47:45.165 [I] [app.go:215]  http server Running on http://:8080
2021/05/28 15:47:46.926 [I] [app.go:215]  http server Running on http://:8080
2021/05/28 15:47:49.816 [I] [loginController.go:50]  captcha is wrong:false

2021/05/28 15:47:56.764 [I] [app.go:215]  http server Running on http://:8080
2021/05/28 15:48:03.559 [I] [loginController.go:60]  username:admin or password:000000 login success

2021/05/28 15:51:30.050 [I] [authController.go:32]  current page:1, key word:

2021/05/28 15:55:19.260 [I] [app.go:215]  http server Running on http://:8080
2021/05/28 15:55:25.038 [I] [loginController.go:60]  username:admin or password:000000 login success

2021/05/28 15:55:28.611 [I] [authController.go:32]  current page:1, key word:

2021/05/28 15:55:51.555 [I] [authController.go:88]  insert into sys_auth info:{58 Ë¥¢Âä°‰∏≠ÂøÉ # 0 Ë¥¢Âä°‰∏≠ÂøÉÔºå‰∏ÄÁ∫ßËèúÂçï 2021-05-28 15:55:51.548374 +0800 CST m=+32.605769701 1 0 92 []}

2021/05/28 15:55:51.560 [I] [authController.go:99]  insert into sys_auth success

2021/05/28 15:55:53.584 [I] [authController.go:32]  current page:1, key word:

2021/05/28 15:56:23.799 [I] [authController.go:88]  insert into sys_auth info:{0 Â∑•ËµÑÊù° # 58 Â∑•ËµÑÊù°Ôºå‰∫åÁ∫ßËèúÂçï 2021-05-28 15:56:23.7951084 +0800 CST m=+64.852504101 1 0 91 []}

2021/05/28 15:56:35.850 [I] [authController.go:88]  insert into sys_auth info:{0 Â∑•ËµÑÊù°  58 Â∑•ËµÑÊù°Ôºå‰∫åÁ∫ßËèúÂçï 2021-05-28 15:56:35.8429307 +0800 CST m=+76.900326401 1 0 91 []}

2021/05/28 15:56:38.957 [I] [authController.go:32]  current page:1, key word:

2021/05/28 15:56:41.978 [I] [authController.go:32]  current page:2, key word:

2021/05/28 15:56:43.939 [I] [authController.go:32]  current page:1, key word:

2021/05/28 15:57:54.844 [I] [authController.go:88]  insert into sys_auth info:{61 ‰∏™‰∫∫Ëñ™ËµÑ # 58 ‰∏™‰∫∫Ëñ™ËµÑÔºå‰∫åÁ∫ßËèúÂçï 2021-05-28 15:57:54.8372487 +0800 CST m=+155.894644401 1 0 91 []}

2021/05/28 15:57:54.846 [I] [authController.go:99]  insert into sys_auth success

2021/05/28 15:57:56.879 [I] [authController.go:32]  current page:1, key word:

2021/05/28 16:02:28.577 [I] [app.go:215]  http server Running on http://:8080
2021/05/28 16:02:34.143 [I] [loginController.go:60]  username:admin or password:000000 login success

2021/05/28 16:03:39.282 [I] [authController.go:32]  current page:1, key word:

2021/05/28 16:03:41.727 [I] [authController.go:32]  current page:2, key word:

2021/05/28 16:03:54.969 [I] [authController.go:32]  current page:2, key word:

2021/05/28 16:09:21.727 [I] [app.go:215]  http server Running on http://:8080
2021/05/28 16:09:26.827 [I] [loginController.go:60]  username:admin or password:000000 login success

2021/05/28 16:28:45.822 [I] [app.go:215]  http server Running on http://:8080
2021/05/28 16:28:51.530 [I] [loginController.go:60]  username:admin or password:000000 login success

2021/05/28 16:32:23.399 [I] [app.go:215]  http server Running on http://:8080
2021/05/28 16:32:30.646 [I] [loginController.go:60]  username:admin or password:000000 login success

2021/05/28 16:46:36.553 [I] [app.go:215]  http server Running on http://:8080
2021/05/28 16:46:38.500 [I] [app.go:215]  http server Running on http://:8080
2021/05/28 16:46:42.135 [I] [loginController.go:50]  captcha is wrong:false

2021/05/28 16:46:46.392 [I] [loginController.go:60]  username:admin or password:000000 login success

2021/05/28 16:47:51.378 [I] [app.go:215]  http server Running on http://:8080
2021/05/28 16:47:53.082 [I] [app.go:215]  http server Running on http://:8080
2021/05/28 16:47:54.786 [I] [app.go:215]  http server Running on http://:8080
2021/05/28 16:47:55.694 [I] [loginController.go:50]  captcha is wrong:false

2021/05/28 16:48:01.738 [I] [loginController.go:60]  username:admin or password:000000 login success

2021/05/28 16:50:41.115 [I] [app.go:215]  http server Running on http://:8080
2021/05/28 16:50:53.817 [I] [loginController.go:60]  username:admin or password:000000 login success

2021/05/28 16:53:11.710 [I] [app.go:215]  http server Running on http://:8080
2021/05/28 16:53:16.537 [I] [loginController.go:60]  username:admin or password:000000 login success

2021/05/28 17:18:53.348 [I] [app.go:215]  http server Running on http://:8080
2021/05/28 17:18:55.047 [I] [app.go:215]  http server Running on http://:8080
2021/05/28 17:18:56.786 [I] [app.go:215]  http server Running on http://:8080
2021/05/28 17:18:58.586 [I] [app.go:215]  http server Running on http://:8080
2021/05/28 17:19:00.272 [I] [app.go:215]  http server Running on http://:8080
2021/05/28 17:19:06.506 [I] [app.go:215]  http server Running on http://:8080
2021/05/28 17:19:12.024 [I] [loginController.go:60]  username:admin or password:000000 login success

2021/05/28 17:19:53.551 [I] [app.go:215]  http server Running on http://:8080
2021/05/28 17:20:00.673 [I] [loginController.go:60]  username:admin or password:000000 login success

2021/05/28 17:38:46.888 [I] [app.go:215]  http server Running on http://:8080
2021/05/28 17:38:59.485 [I] [loginController.go:60]  username:admin or password:000000 login success

2021/05/28 17:39:55.248 [I] [app.go:215]  http server Running on http://:8080
2021/05/28 17:40:00.900 [I] [loginController.go:60]  username:admin or password:000000 login success

2021/05/28 17:45:20.340 [I] [app.go:215]  http server Running on http://:8080
2021/05/28 17:45:58.303 [I] [loginController.go:60]  username:admin or password:000000 login success

2021/05/28 17:48:57.159 [I] [app.go:215]  http server Running on http://:8080
2021/05/28 17:49:05.757 [I] [loginController.go:60]  username:admin or password:000000 login success

2021/05/28 17:53:27.346 [I] [loginController.go:60]  username:admin or password:000000 login success

2021/05/28 17:53:36.438 [I] [usercontroller.go:37]  current page:1, search keyword:

2021/05/28 17:53:38.605 [I] [usercontroller.go:37]  current page:2, search keyword:

2021/05/28 17:53:40.319 [I] [authController.go:32]  current page:1, key word:

2021/05/28 17:56:18.049 [I] [app.go:215]  http server Running on http://:8080
2021/05/28 17:56:30.294 [I] [loginController.go:60]  username:admin or password:000000 login success

2021/05/28 17:57:46.788 [I] [app.go:215]  http server Running on http://:8080
2021/05/28 17:57:51.627 [I] [loginController.go:60]  username:admin or password:000000 login success

2021/05/28 18:01:22.583 [I] [app.go:215]  http server Running on http://:8080
2021/05/28 18:01:28.363 [I] [loginController.go:60]  username:admin or password:000000 login success

2021/05/28 18:05:48.289 [I] [app.go:215]  http server Running on http://:8080
2021/05/28 18:05:49.896 [I] [app.go:215]  http server Running on http://:8080
2021/05/28 18:05:53.444 [I] [loginController.go:50]  captcha is wrong:false

2021/05/28 18:05:57.952 [I] [loginController.go:60]  username:admin or password:000000 login success

2021/05/28 18:07:38.238 [I] [app.go:215]  http server Running on http://:8080
2021/05/28 18:07:45.144 [I] [loginController.go:60]  username:admin or password:000000 login success

2021/05/28 18:09:13.939 [I] [app.go:215]  http server Running on http://:8080
2021/05/28 18:09:19.005 [I] [loginController.go:60]  username:admin or password:000000 login success

2021/05/28 21:14:39.179 [I] [app.go:215]  http server Running on http://:8080
2021/05/28 21:14:40.406 [I] [app.go:215]  http server Running on http://:8080
2021/05/28 21:14:42.346 [I] [app.go:215]  http server Running on http://:8080
2021/05/28 21:14:48.000 [I] [app.go:215]  http server Running on http://:8080
2021/05/28 21:14:55.255 [I] [loginController.go:60]  username:admin or password:000000 login success

2021/05/28 21:20:50.165 [I] [app.go:215]  http server Running on http://:8080
2021/05/28 21:20:56.199 [I] [loginController.go:60]  username:admin or password:000000 login success

2021/05/28 21:22:42.842 [I] [app.go:215]  http server Running on http://:8080
2021/05/28 21:22:52.523 [I] [loginController.go:60]  username:admin or password:000000 login success

2021/05/28 21:25:27.201 [I] [app.go:215]  http server Running on http://:8080
2021/05/28 21:25:34.707 [I] [loginController.go:60]  username:admin or password:000000 login success

2021/05/28 21:28:29.890 [I] [app.go:215]  http server Running on http://:8080
2021/05/28 21:28:35.313 [I] [loginController.go:60]  username:admin or password:000000 login success

2021/05/28 21:32:48.593 [I] [app.go:215]  http server Running on http://:8080
2021/05/28 21:32:53.328 [I] [loginController.go:60]  username:admin or password:000000 login success

2021/05/28 21:35:40.391 [I] [app.go:215]  http server Running on http://:8080
2021/05/28 21:35:46.786 [I] [loginController.go:60]  username:admin or password:000000 login success

2021/05/28 21:37:58.180 [I] [app.go:215]  http server Running on http://:8080
2021/05/28 21:38:03.681 [I] [loginController.go:60]  username:admin or password:000000 login success

2021/05/28 21:38:55.075 [I] [app.go:215]  http server Running on http://:8080
2021/05/28 21:39:00.204 [I] [loginController.go:50]  captcha is wrong:false

2021/05/28 21:39:04.268 [I] [loginController.go:60]  username:admin or password:000000 login success

2021/05/28 21:39:52.655 [I] [app.go:215]  http server Running on http://:8080
2021/05/28 21:39:58.625 [I] [loginController.go:60]  username:admin or password:000000 login success

2021/05/28 21:41:09.322 [I] [app.go:215]  http server Running on http://:8080
2021/05/28 21:41:14.658 [I] [loginController.go:60]  username:admin or password:000000 login success

2021/05/28 21:41:56.231 [I] [app.go:215]  http server Running on http://:8080
2021/05/28 21:42:01.095 [I] [loginController.go:60]  username:admin or password:000000 login success

2021/05/28 21:42:44.150 [I] [app.go:215]  http server Running on http://:8080
2021/05/28 21:42:49.558 [I] [loginController.go:60]  username:admin or password:000000 login success

2021/05/28 21:45:01.448 [I] [app.go:215]  http server Running on http://:8080
2021/05/28 21:45:11.438 [I] [loginController.go:60]  username:admin or password:000000 login success

2021/05/28 21:45:57.190 [I] [app.go:215]  http server Running on http://:8080
2021/05/28 21:46:02.186 [I] [loginController.go:60]  username:admin or password:000000 login success

2021/05/28 21:46:41.360 [I] [app.go:215]  http server Running on http://:8080
2021/05/28 21:46:46.908 [I] [loginController.go:60]  username:admin or password:000000 login success

2021/05/28 21:48:35.411 [I] [app.go:215]  http server Running on http://:8080
2021/05/28 21:48:40.354 [I] [loginController.go:60]  username:admin or password:000000 login success

2021/05/28 21:50:01.070 [I] [app.go:215]  http server Running on http://:8080
2021/05/28 21:50:14.343 [I] [loginController.go:60]  username:admin or password:000000 login success

2021/05/28 21:53:57.024 [I] [app.go:215]  http server Running on http://:8080
2021/05/28 21:54:07.036 [I] [loginController.go:60]  username:admin or password:000000 login success

2021/05/28 22:00:47.034 [I] [app.go:215]  http server Running on http://:8080
2021/05/28 22:00:58.552 [I] [app.go:215]  http server Running on http://:8080
2021/05/28 22:01:07.672 [I] [loginController.go:60]  username:admin or password:000000 login success

2021/05/28 22:02:44.720 [I] [app.go:215]  http server Running on http://:8080
2021/05/28 22:02:49.937 [I] [loginController.go:60]  username:admin or password:000000 login success

2021/05/28 22:03:48.403 [I] [app.go:215]  http server Running on http://:8080
2021/05/28 22:03:54.144 [I] [loginController.go:60]  username:admin or password:000000 login success

2021/05/28 22:06:08.092 [I] [app.go:215]  http server Running on http://:8080
2021/05/28 22:06:22.933 [I] [loginController.go:60]  username:admin or password:000000 login success

2021/05/28 22:07:35.142 [I] [app.go:215]  http server Running on http://:8080
2021/05/28 22:07:40.784 [I] [loginController.go:60]  username:admin or password:000000 login success

2021/05/28 22:08:35.711 [I] [app.go:215]  http server Running on http://:8080
2021/05/28 22:08:42.110 [I] [loginController.go:60]  username:admin or password:000000 login success

2021/05/28 22:10:20.036 [I] [app.go:215]  http server Running on http://:8080
2021/05/28 22:10:25.384 [I] [loginController.go:60]  username:admin or password:000000 login success

2021/05/28 22:15:19.172 [I] [app.go:215]  http server Running on http://:8080
2021/05/28 22:15:21.166 [I] [app.go:215]  http server Running on http://:8080
2021/05/28 22:15:23.518 [I] [app.go:215]  http server Running on http://:8080
2021/05/28 22:15:25.513 [I] [app.go:215]  http server Running on http://:8080
2021/05/28 22:15:27.735 [I] [app.go:215]  http server Running on http://:8080
2021/05/28 22:15:27.937 [I] [loginController.go:50]  captcha is wrong:false

2021/05/28 22:15:29.681 [I] [app.go:215]  http server Running on http://:8080
2021/05/28 22:15:32.073 [I] [app.go:215]  http server Running on http://:8080
2021/05/28 22:15:33.846 [I] [app.go:215]  http server Running on http://:8080
2021/05/28 22:15:34.373 [I] [loginController.go:50]  captcha is wrong:false

2021/05/28 22:15:35.974 [I] [app.go:215]  http server Running on http://:8080
2021/05/28 22:15:38.589 [I] [app.go:215]  http server Running on http://:8080
2021/05/28 22:15:40.912 [I] [app.go:215]  http server Running on http://:8080
2021/05/28 22:15:47.730 [I] [app.go:215]  http server Running on http://:8080
2021/05/28 22:16:00.273 [I] [loginController.go:60]  username:admin or password:000000 login success

2021/05/28 22:16:04.489 [I] [authController.go:32]  current page:1, key word:

2021/05/28 22:16:34.346 [I] [authController.go:88]  insert into sys_auth info:{62 Ë¥¢Âä°Êä•Ë°® # 0 Ë¥¢Âä°Êä•Ë°®Ôºå‰∏ÄÁ∫ßËèúÂçï 2021-05-28 22:16:34.3375295 +0800 CST m=+46.973127101 1 0 90 []}

2021/05/28 22:16:34.347 [I] [authController.go:99]  insert into sys_auth success

2021/05/28 22:16:36.365 [I] [authController.go:32]  current page:1, key word:

2021/05/28 22:28:31.679 [I] [app.go:215]  http server Running on http://:8080
2021/05/28 22:29:29.633 [I] [app.go:215]  http server Running on http://:8080
2021/05/28 22:32:28.768 [I] [app.go:215]  http server Running on http://:8080
2021/05/28 22:35:06.361 [I] [app.go:215]  http server Running on http://:8080
2021/05/28 22:51:07.117 [I] [app.go:215]  http server Running on http://:8080
2021/05/28 22:51:15.482 [I] [loginController.go:60]  username:admin or password:000000 login success

2021/05/28 22:51:30.358 [I] [authController.go:32]  current page:1, key word:

2021/05/28 22:51:41.772 [I] [authController.go:32]  current page:2, key word:

2021/05/28 22:54:44.864 [I] [app.go:215]  http server Running on http://:8080
2021/05/28 22:55:06.842 [I] [app.go:215]  http server Running on http://:8080
2021/05/28 22:55:11.849 [I] [loginController.go:60]  username:admin or password:000000 login success

2021/05/28 22:59:30.765 [I] [app.go:215]  http server Running on http://:8080
2021/05/28 22:59:37.308 [I] [loginController.go:60]  username:admin or password:000000 login success

2021/05/28 23:00:18.773 [I] [app.go:215]  http server Running on http://:8080
2021/05/28 23:00:29.081 [I] [loginController.go:60]  username:admin or password:000000 login success

2021/05/28 23:03:48.968 [I] [app.go:215]  http server Running on http://:8080
2021/05/28 23:03:58.526 [I] [loginController.go:60]  username:admin or password:000000 login success

2021/05/28 23:09:08.442 [I] [authController.go:32]  current page:1, key word:

2021/05/28 23:09:32.029 [I] [authController.go:88]  insert into sys_auth info:{63 ÂÜÖÂÆπÁÆ°ÁêÜ # 0 ÂÜÖÂÆπÁÆ°ÁêÜÔºå‰∏ÄÁ∫ßËèúÂçï 2021-05-28 23:09:31.9947368 +0800 CST m=+343.382526301 1 0 89 []}

2021/05/28 23:09:32.038 [I] [authController.go:99]  insert into sys_auth success

2021/05/28 23:09:34.077 [I] [authController.go:32]  current page:1, key word:

2021/05/28 23:10:07.565 [I] [authController.go:88]  insert into sys_auth info:{64 Êñ∞ÈóªÂàóË°® # 63 Êñ∞ÈóªÂàóË°®Ôºå‰∫åÁ∫ßËèúÂçï 2021-05-28 23:10:07.5616819 +0800 CST m=+378.949471401 1 0 88 []}

2021/05/28 23:10:07.568 [I] [authController.go:99]  insert into sys_auth success

2021/05/28 23:10:09.585 [I] [authController.go:32]  current page:1, key word:

2021/05/28 23:10:30.131 [I] [authController.go:88]  insert into sys_auth info:{65 Ê†èÁõÆÁÆ°ÁêÜ # 63 Ê†èÁõÆÁÆ°ÁêÜÔºå‰∫åÁ∫ßËèúÂçï 2021-05-28 23:10:30.1090224 +0800 CST m=+401.496811901 1 0 87 []}

2021/05/28 23:10:30.136 [I] [authController.go:99]  insert into sys_auth success

2021/05/28 23:10:32.157 [I] [authController.go:32]  current page:1, key word:

2021/05/28 23:22:20.604 [I] [app.go:215]  http server Running on http://:8080
2021/05/28 23:22:21.595 [I] [app.go:215]  http server Running on http://:8080
2021/05/28 23:22:28.489 [I] [app.go:215]  http server Running on http://:8080
2021/05/28 23:22:34.773 [I] [loginController.go:60]  username:admin or password:000000 login success

2021/05/28 23:24:07.165 [I] [authController.go:32]  current page:1, key word:

2021/05/28 23:24:09.630 [I] [authController.go:32]  current page:2, key word:

2021/05/28 23:24:56.735 [I] [authController.go:32]  current page:1, key word:

2021/05/28 23:24:58.220 [I] [authController.go:32]  current page:2, key word:

2021/05/28 23:29:11.267 [I] [app.go:215]  http server Running on http://:8080
2021/05/28 23:29:17.323 [I] [loginController.go:60]  username:admin or password:000000 login success

2021/05/28 23:29:19.098 [I] [newController.go:41]  ÂΩìÂâçÈ°µ;1,Êü•ËØ¢Êù°‰ª∂Ôºö
2021/05/28 23:29:20.312 [I] [categoryController.go:40]  ÂΩìÂâçÈ°µ;1,Êü•ËØ¢Êù°‰ª∂Ôºö
2021/05/28 23:29:27.460 [I] [categoryController.go:40]  ÂΩìÂâçÈ°µ;1,Êü•ËØ¢Êù°‰ª∂Ôºö
2021/05/28 23:29:46.198 [I] [categoryController.go:40]  ÂΩìÂâçÈ°µ;1,Êü•ËØ¢Êù°‰ª∂Ôºö
2021/05/28 23:29:47.439 [I] [categoryController.go:40]  ÂΩìÂâçÈ°µ;1,Êü•ËØ¢Êù°‰ª∂Ôºö
2021/05/28 23:29:49.932 [I] [newController.go:41]  ÂΩìÂâçÈ°µ;1,Êü•ËØ¢Êù°‰ª∂Ôºö
2021/05/28 23:31:19.250 [I] [categoryController.go:40]  ÂΩìÂâçÈ°µ;1,Êü•ËØ¢Êù°‰ª∂Ôºö
2021/05/28 23:31:19.796 [I] [newController.go:41]  ÂΩìÂâçÈ°µ;1,Êü•ËØ¢Êù°‰ª∂Ôºö
2021/05/28 23:32:02.358 [I] [newController.go:41]  ÂΩìÂâçÈ°µ;1,Êü•ËØ¢Êù°‰ª∂Ôºö
2021/05/28 23:32:29.000 [I] [newController.go:41]  ÂΩìÂâçÈ°µ;1,Êü•ËØ¢Êù°‰ª∂Ôºö
2021/05/28 23:32:30.897 [I] [newController.go:41]  ÂΩìÂâçÈ°µ;1,Êü•ËØ¢Êù°‰ª∂Ôºö
2021/05/29 15:07:07.750 [I] [app.go:215]  http server Running on http://:8080
2021/05/29 15:07:08.480 [I] [app.go:215]  http server Running on http://:8080
2021/05/29 15:07:10.191 [I] [app.go:215]  http server Running on http://:8080
2021/05/29 15:07:16.043 [I] [app.go:215]  http server Running on http://:8080
2021/05/29 15:07:41.483 [I] [loginController.go:60]  username:admin or password:000000 login success

2021/05/29 15:07:45.134 [I] [authController.go:32]  current page:1, key word:

2021/05/29 15:08:07.456 [I] [authController.go:88]  insert into sys_auth info:{66 ËΩ¶ËæÜÁÆ°ÁêÜ # 0 ËΩ¶ËæÜÁÆ°ÁêÜÔºå‰∏ÄÁ∫ßËèúÂçï 2021-05-29 15:08:07.4260639 +0800 CST m=+51.735092201 1 0 69 []}

2021/05/29 15:08:07.462 [I] [authController.go:99]  insert into sys_auth success

2021/05/29 15:08:09.492 [I] [authController.go:32]  current page:1, key word:

2021/05/29 15:08:30.172 [I] [authController.go:88]  insert into sys_auth info:{67 ËΩ¶ËæÜÂàóË°® # 66 ËΩ¶ËæÜÂàóË°®Ôºå‰∫åÁ∫ßËèúÂçï 2021-05-29 15:08:30.165156 +0800 CST m=+74.474184301 1 0 68 []}

2021/05/29 15:08:30.175 [I] [authController.go:99]  insert into sys_auth success

2021/05/29 15:08:32.192 [I] [authController.go:32]  current page:1, key word:

2021/05/29 15:09:01.996 [I] [authController.go:88]  insert into sys_auth info:{68 ÂìÅÁâåÁÆ°ÁêÜ # 66 ÂìÅÁâåÁÆ°ÁêÜÔºå‰∫åÁ∫ßËèúÂçï 2021-05-29 15:09:01.9904988 +0800 CST m=+106.299527101 1 0 67 []}

2021/05/29 15:09:02.000 [I] [authController.go:99]  insert into sys_auth success

2021/05/29 15:09:04.014 [I] [authController.go:32]  current page:1, key word:

2021/05/29 15:11:49.219 [I] [authController.go:88]  insert into sys_auth info:{69 ËΩ¶ËæÜÁî≥ËØ∑ # 66 ËΩ¶ËæÜÁî≥ËØ∑Ôºå‰∫åÁ∫ßËèúÂçï 2021-05-29 15:11:49.2122741 +0800 CST m=+273.521302401 1 0 65 []}

2021/05/29 15:11:49.221 [I] [authController.go:99]  insert into sys_auth success

2021/05/29 15:11:51.238 [I] [authController.go:32]  current page:1, key word:

2021/05/29 15:12:08.274 [I] [authController.go:88]  insert into sys_auth info:{70 ËΩ¶ËæÜÂÆ°Êâπ # 66 ËΩ¶ËæÜÂÆ°ÊâπÔºå‰∫åÁ∫ßËèúÂçï 2021-05-29 15:12:08.2647873 +0800 CST m=+292.573815601 1 0 60 []}

2021/05/29 15:12:08.276 [I] [authController.go:99]  insert into sys_auth success

2021/05/29 15:12:10.310 [I] [authController.go:32]  current page:1, key word:

2021/05/29 15:54:08.020 [I] [app.go:215]  http server Running on http://:8080
2021/05/29 15:54:32.680 [I] [loginController.go:60]  username:admin or password:000000 login success

2021/05/29 15:54:35.619 [I] [cars_controller.go:39]  ÂΩìÂâçÈ°µ;1,Êü•ËØ¢Êù°‰ª∂Ôºö
2021/05/29 15:54:38.478 [I] [cars_brand_controller.go:40]  ÂΩìÂâçÈ°µ;1,Êü•ËØ¢Êù°‰ª∂Ôºö
2021/05/29 15:54:39.343 [I] [cars_apply_controller.go:40]  ÂΩìÂâçÈ°µ;1,Êü•ËØ¢Êù°‰ª∂Ôºö
2021/05/29 15:54:51.812 [I] [cars_brand_controller.go:40]  ÂΩìÂâçÈ°µ;1,Êü•ËØ¢Êù°‰ª∂Ôºö
2021/05/29 15:55:15.238 [I] [usercontroller.go:37]  current page:1, search keyword:

2021/05/29 15:55:16.861 [I] [cars_brand_controller.go:40]  ÂΩìÂâçÈ°µ;1,Êü•ËØ¢Êù°‰ª∂Ôºö
2021/05/29 15:55:19.144 [I] [cars_controller.go:39]  ÂΩìÂâçÈ°µ;1,Êü•ËØ¢Êù°‰ª∂Ôºö
2021/05/29 15:55:32.218 [I] [cars_controller.go:39]  ÂΩìÂâçÈ°µ;1,Êü•ËØ¢Êù°‰ª∂Ôºö
2021/05/29 15:55:33.877 [I] [cars_controller.go:39]  ÂΩìÂâçÈ°µ;1,Êü•ËØ¢Êù°‰ª∂Ôºö
2021/05/29 15:55:45.884 [I] [usercontroller.go:37]  current page:1, search keyword:

2021/05/29 15:55:47.173 [I] [cars_brand_controller.go:40]  ÂΩìÂâçÈ°µ;1,Êü•ËØ¢Êù°‰ª∂Ôºö
2021/05/29 15:55:56.567 [I] [cars_brand_controller.go:40]  ÂΩìÂâçÈ°µ;1,Êü•ËØ¢Êù°‰ª∂Ôºö
2021/05/29 15:56:07.459 [I] [cars_brand_controller.go:40]  ÂΩìÂâçÈ°µ;1,Êü•ËØ¢Êù°‰ª∂Ôºö
2021/05/29 15:56:16.960 [I] [usercontroller.go:37]  current page:1, search keyword:

2021/05/29 15:56:18.782 [I] [cars_brand_controller.go:40]  ÂΩìÂâçÈ°µ;1,Êü•ËØ¢Êù°‰ª∂Ôºö
2021/05/29 15:56:34.241 [I] [cars_controller.go:39]  ÂΩìÂâçÈ°µ;1,Êü•ËØ¢Êù°‰ª∂Ôºö
2021/05/29 15:56:35.347 [I] [cars_controller.go:39]  ÂΩìÂâçÈ°µ;1,Êü•ËØ¢Êù°‰ª∂Ôºö
2021/05/29 15:56:59.979 [I] [cars_apply_controller.go:40]  ÂΩìÂâçÈ°µ;1,Êü•ËØ¢Êù°‰ª∂Ôºö
2021/05/29 16:00:19.162 [I] [cars_controller.go:39]  ÂΩìÂâçÈ°µ;1,Êü•ËØ¢Êù°‰ª∂Ôºö
2021/05/29 16:01:03.024 [I] [cars_apply_controller.go:40]  ÂΩìÂâçÈ°µ;1,Êü•ËØ¢Êù°‰ª∂Ôºö
2021/05/29 16:03:23.143 [I] [app.go:215]  http server Running on http://:8080
2021/05/29 16:03:28.783 [I] [loginController.go:60]  username:admin or password:000000 login success

2021/05/29 16:03:31.002 [I] [cars_apply_controller.go:40]  ÂΩìÂâçÈ°µ;1,Êü•ËØ¢Êù°‰ª∂Ôºö
2021/05/29 16:03:31.618 [I] [cars_apply_controller.go:228]  ÂΩìÂâçÈ°µ;1,Êü•ËØ¢Êù°‰ª∂Ôºö
2021/05/29 16:11:23.236 [I] [cars_apply_controller.go:40]  ÂΩìÂâçÈ°µ;1,Êü•ËØ¢Êù°‰ª∂Ôºö
2021/05/29 16:11:40.594 [I] [cars_apply_controller.go:40]  ÂΩìÂâçÈ°µ;1,Êü•ËØ¢Êù°‰ª∂Ôºö
2021/05/29 16:12:33.535 [I] [cars_apply_controller.go:40]  ÂΩìÂâçÈ°µ;1,Êü•ËØ¢Êù°‰ª∂Ôºö
2021/05/29 16:13:07.726 [I] [cars_apply_controller.go:40]  ÂΩìÂâçÈ°µ;1,Êü•ËØ¢Êù°‰ª∂Ôºö
2021/05/29 16:13:08.718 [I] [cars_apply_controller.go:40]  ÂΩìÂâçÈ°µ;1,Êü•ËØ¢Êù°‰ª∂Ôºö
2021/05/29 16:16:49.524 [I] [cars_apply_controller.go:228]  ÂΩìÂâçÈ°µ;1,Êü•ËØ¢Êù°‰ª∂Ôºö
2021/05/29 16:20:22.198 [I] [cars_apply_controller.go:40]  ÂΩìÂâçÈ°µ;1,Êü•ËØ¢Êù°‰ª∂Ôºö
2021/05/29 16:20:23.485 [I] [cars_apply_controller.go:228]  ÂΩìÂâçÈ°µ;1,Êü•ËØ¢Êù°‰ª∂Ôºö
2021/05/29 16:20:27.896 [I] [cars_apply_controller.go:40]  ÂΩìÂâçÈ°µ;1,Êü•ËØ¢Êù°‰ª∂Ôºö
2021/05/29 16:20:41.250 [I] [cars_apply_controller.go:40]  ÂΩìÂâçÈ°µ;1,Êü•ËØ¢Êù°‰ª∂Ôºö
2021/05/29 16:20:41.507 [I] [cars_apply_controller.go:40]  ÂΩìÂâçÈ°µ;1,Êü•ËØ¢Êù°‰ª∂Ôºö
2021/05/29 16:20:41.677 [I] [cars_apply_controller.go:40]  ÂΩìÂâçÈ°µ;1,Êü•ËØ¢Êù°‰ª∂Ôºö
2021/05/29 16:23:06.110 [I] [app.go:215]  http server Running on http://:8080
2021/05/29 16:23:08.054 [I] [app.go:215]  http server Running on http://:8080
2021/05/29 16:23:10.235 [I] [app.go:215]  http server Running on http://:8080
2021/05/29 16:23:15.550 [I] [app.go:215]  http server Running on http://:8080
2021/05/29 16:23:30.289 [I] [loginController.go:60]  username:admin or password:000000 login success

2021/05/29 16:23:34.661 [I] [authController.go:32]  current page:1, key word:

2021/05/29 16:24:37.104 [I] [authController.go:88]  insert into sys_auth info:{71 ÊàëÁöÑÁî≥ËØ∑ CarsApplyController.MyApply 66 ÊàëÁöÑÁî≥ËØ∑Ôºå‰∫åÁ∫ßËèúÂçï 2021-05-29 16:24:37.0956508 +0800 CST m=+81.919323601 1 0 64 []}

2021/05/29 16:24:37.107 [I] [authController.go:99]  insert into sys_auth success

2021/05/29 16:24:39.125 [I] [authController.go:32]  current page:1, key word:

2021/05/29 16:25:33.991 [I] [app.go:215]  http server Running on http://:8080
2021/05/29 16:25:41.970 [I] [loginController.go:60]  username:admin or password:000000 login success

2021/05/29 16:25:44.453 [I] [cars_apply_controller.go:164]  ÂΩìÂâçÈ°µ;1,Êü•ËØ¢Êù°‰ª∂Ôºö
2021/05/29 16:26:28.892 [I] [cars_apply_controller.go:228]  ÂΩìÂâçÈ°µ;1,Êü•ËØ¢Êù°‰ª∂Ôºö
2021/05/29 16:26:38.469 [I] [cars_apply_controller.go:40]  ÂΩìÂâçÈ°µ;1,Êü•ËØ¢Êù°‰ª∂Ôºö
2021/05/29 16:26:40.254 [I] [cars_apply_controller.go:228]  ÂΩìÂâçÈ°µ;1,Êü•ËØ¢Êù°‰ª∂Ôºö
2021/05/29 16:26:43.077 [I] [cars_apply_controller.go:164]  ÂΩìÂâçÈ°µ;1,Êü•ËØ¢Êù°‰ª∂Ôºö
2021/05/29 16:26:49.076 [I] [cars_apply_controller.go:164]  ÂΩìÂâçÈ°µ;1,Êü•ËØ¢Êù°‰ª∂Ôºö
2021/05/29 16:26:54.093 [I] [cars_apply_controller.go:164]  ÂΩìÂâçÈ°µ;1,Êü•ËØ¢Êù°‰ª∂Ôºö
2021/05/29 16:27:23.585 [I] [cars_apply_controller.go:164]  ÂΩìÂâçÈ°µ;1,Êü•ËØ¢Êù°‰ª∂Ôºö
2021/05/29 16:29:36.330 [I] [cars_apply_controller.go:164]  ÂΩìÂâçÈ°µ;1,Êü•ËØ¢Êù°‰ª∂Ôºö
2021/05/29 16:35:17.414 [I] [cars_apply_controller.go:164]  ÂΩìÂâçÈ°µ;1,Êü•ËØ¢Êù°‰ª∂Ôºö
2021/05/29 16:35:21.241 [I] [cars_controller.go:39]  ÂΩìÂâçÈ°µ;1,Êü•ËØ¢Êù°‰ª∂Ôºö
2021/05/29 16:35:22.964 [I] [cars_apply_controller.go:228]  ÂΩìÂâçÈ°µ;1,Êü•ËØ¢Êù°‰ª∂Ôºö
2021/05/29 16:35:23.511 [I] [cars_apply_controller.go:40]  ÂΩìÂâçÈ°µ;1,Êü•ËØ¢Êù°‰ª∂Ôºö
2021/05/29 16:35:25.854 [I] [cars_apply_controller.go:40]  ÂΩìÂâçÈ°µ;1,Êü•ËØ¢Êù°‰ª∂Ôºö
2021/05/29 16:35:47.264 [I] [cars_apply_controller.go:164]  ÂΩìÂâçÈ°µ;1,Êü•ËØ¢Êù°‰ª∂Ôºö
2021/05/29 16:37:22.078 [I] [cars_apply_controller.go:164]  ÂΩìÂâçÈ°µ;1,Êü•ËØ¢Êù°‰ª∂Ôºö
2021/05/29 16:37:28.652 [I] [cars_apply_controller.go:164]  ÂΩìÂâçÈ°µ;1,Êü•ËØ¢Êù°‰ª∂Ôºö
2021/05/29 16:38:30.903 [I] [app.go:215]  http server Running on http://:8080
2021/05/29 16:38:32.919 [I] [app.go:215]  http server Running on http://:8080
2021/05/29 16:38:38.910 [I] [loginController.go:50]  captcha is wrong:false

2021/05/29 16:38:43.614 [I] [loginController.go:60]  username:admin or password:000000 login success

2021/05/29 16:38:48.302 [I] [cars_apply_controller.go:164]  ÂΩìÂâçÈ°µ;1,Êü•ËØ¢Êù°‰ª∂Ôºö
2021/05/29 16:38:49.467 [I] [cars_apply_controller.go:164]  ÂΩìÂâçÈ°µ;1,Êü•ËØ¢Êù°‰ª∂Ôºö
2021/05/29 16:38:51.083 [I] [cars_apply_controller.go:164]  ÂΩìÂâçÈ°µ;1,Êü•ËØ¢Êù°‰ª∂Ôºö
2021/05/29 16:38:52.048 [I] [cars_apply_controller.go:228]  ÂΩìÂâçÈ°µ;1,Êü•ËØ¢Êù°‰ª∂Ôºö
2021/05/29 16:38:53.468 [I] [cars_apply_controller.go:228]  ÂΩìÂâçÈ°µ;1,Êü•ËØ¢Êù°‰ª∂Ôºö
2021/05/29 16:38:54.434 [I] [cars_apply_controller.go:40]  ÂΩìÂâçÈ°µ;1,Êü•ËØ¢Êù°‰ª∂Ôºö
2021/05/29 16:39:15.279 [I] [cars_apply_controller.go:40]  ÂΩìÂâçÈ°µ;1,Êü•ËØ¢Êù°‰ª∂Ôºö
2021/05/29 16:39:20.253 [I] [cars_controller.go:39]  ÂΩìÂâçÈ°µ;1,Êü•ËØ¢Êù°‰ª∂Ôºö
2021/05/29 16:39:35.158 [I] [cars_apply_controller.go:40]  ÂΩìÂâçÈ°µ;1,Êü•ËØ¢Êù°‰ª∂Ôºö
2021/05/29 16:39:37.060 [I] [cars_apply_controller.go:40]  ÂΩìÂâçÈ°µ;1,Êü•ËØ¢Êù°‰ª∂Ôºö
2021/05/29 16:39:52.474 [I] [cars_apply_controller.go:40]  ÂΩìÂâçÈ°µ;1,Êü•ËØ¢Êù°‰ª∂Ôºö
2021/05/29 16:39:53.616 [I] [cars_apply_controller.go:40]  ÂΩìÂâçÈ°µ;1,Êü•ËØ¢Êù°‰ª∂Ôºö
2021/05/29 16:40:00.663 [I] [cars_apply_controller.go:164]  ÂΩìÂâçÈ°µ;1,Êü•ËØ¢Êù°‰ª∂Ôºö
2021/05/29 16:40:06.828 [I] [cars_apply_controller.go:228]  ÂΩìÂâçÈ°µ;1,Êü•ËØ¢Êù°‰ª∂Ôºö
2021/05/29 16:40:13.130 [I] [cars_apply_controller.go:40]  ÂΩìÂâçÈ°µ;1,Êü•ËØ¢Êù°‰ª∂Ôºö
2021/05/29 16:40:15.263 [I] [cars_apply_controller.go:228]  ÂΩìÂâçÈ°µ;1,Êü•ËØ¢Êù°‰ª∂Ôºö
2021/05/29 16:40:20.103 [I] [cars_apply_controller.go:40]  ÂΩìÂâçÈ°µ;1,Êü•ËØ¢Êù°‰ª∂Ôºö
2021/05/29 16:40:20.775 [I] [cars_apply_controller.go:228]  ÂΩìÂâçÈ°µ;1,Êü•ËØ¢Êù°‰ª∂Ôºö
2021/05/29 16:40:23.067 [I] [cars_apply_controller.go:164]  ÂΩìÂâçÈ°µ;1,Êü•ËØ¢Êù°‰ª∂Ôºö
2021/05/29 16:40:25.478 [I] [cars_apply_controller.go:164]  ÂΩìÂâçÈ°µ;1,Êü•ËØ¢Êù°‰ª∂Ôºö
2021/05/29 16:40:27.321 [I] [cars_apply_controller.go:164]  ÂΩìÂâçÈ°µ;1,Êü•ËØ¢Êù°‰ª∂Ôºö
2021/05/29 16:40:30.629 [I] [cars_apply_controller.go:40]  ÂΩìÂâçÈ°µ;1,Êü•ËØ¢Êù°‰ª∂Ôºö
2021/05/29 16:42:09.462 [I] [cars_controller.go:39]  ÂΩìÂâçÈ°µ;1,Êü•ËØ¢Êù°‰ª∂Ôºö
2021/05/29 16:42:10.814 [I] [cars_controller.go:39]  ÂΩìÂâçÈ°µ;1,Êü•ËØ¢Êù°‰ª∂Ôºö
2021/05/29 16:42:13.916 [I] [cars_apply_controller.go:40]  ÂΩìÂâçÈ°µ;1,Êü•ËØ¢Êù°‰ª∂Ôºö
2021/05/29 16:43:36.631 [I] [app.go:215]  http server Running on http://:8080
2021/05/29 16:43:42.762 [I] [loginController.go:60]  username:admin or password:000000 login success

2021/05/29 16:43:58.875 [I] [cars_controller.go:39]  ÂΩìÂâçÈ°µ;1,Êü•ËØ¢Êù°‰ª∂Ôºö
2021/05/29 16:44:00.965 [I] [cars_controller.go:39]  ÂΩìÂâçÈ°µ;1,Êü•ËØ¢Êù°‰ª∂Ôºö
2021/05/29 16:44:22.154 [I] [cars_controller.go:39]  ÂΩìÂâçÈ°µ;1,Êü•ËØ¢Êù°‰ª∂Ôºö
2021/05/29 16:44:22.860 [I] [cars_controller.go:39]  ÂΩìÂâçÈ°µ;1,Êü•ËØ¢Êù°‰ª∂Ôºö
2021/05/29 16:44:27.063 [I] [cars_apply_controller.go:40]  ÂΩìÂâçÈ°µ;1,Êü•ËØ¢Êù°‰ª∂Ôºö
2021/05/29 16:44:28.636 [I] [cars_apply_controller.go:40]  ÂΩìÂâçÈ°µ;1,Êü•ËØ¢Êù°‰ª∂Ôºö
2021/05/29 17:34:05.081 [I] [app.go:215]  http server Running on http://:8080
2021/05/29 17:34:06.905 [I] [app.go:215]  http server Running on http://:8080
2021/05/29 17:34:09.099 [I] [app.go:215]  http server Running on http://:8080
2021/05/29 17:34:14.355 [I] [app.go:215]  http server Running on http://:8080
2021/05/29 17:34:21.378 [I] [loginController.go:60]  username:admin or password:000000 login success

2021/05/29 17:34:29.145 [I] [cars_apply_controller.go:40]  ÂΩìÂâçÈ°µ;1,Êü•ËØ¢Êù°‰ª∂Ôºö
2021/05/29 17:34:35.093 [I] [cars_controller.go:39]  ÂΩìÂâçÈ°µ;1,Êü•ËØ¢Êù°‰ª∂Ôºö
2021/05/29 17:34:42.319 [I] [cars_brand_controller.go:40]  ÂΩìÂâçÈ°µ;1,Êü•ËØ¢Êù°‰ª∂Ôºö
2021/05/29 17:34:52.265 [I] [usercontroller.go:37]  current page:1, search keyword:

2021/05/29 17:35:03.232 [I] [cars_controller.go:39]  ÂΩìÂâçÈ°µ;1,Êü•ËØ¢Êù°‰ª∂Ôºö
2021/05/29 17:35:09.734 [I] [cars_controller.go:39]  ÂΩìÂâçÈ°µ;1,Êü•ËØ¢Êù°‰ª∂Ôºö
2021/05/29 17:35:13.758 [I] [cars_brand_controller.go:40]  ÂΩìÂâçÈ°µ;1,Êü•ËØ¢Êù°‰ª∂Ôºö
2021/05/29 17:35:14.434 [I] [cars_apply_controller.go:40]  ÂΩìÂâçÈ°µ;1,Êü•ËØ¢Êù°‰ª∂Ôºö
2021/05/29 17:35:34.093 [I] [cars_apply_controller.go:40]  ÂΩìÂâçÈ°µ;1,Êü•ËØ¢Êù°‰ª∂Ôºö
2021/05/29 17:35:40.902 [I] [cars_apply_controller.go:228]  ÂΩìÂâçÈ°µ;1,Êü•ËØ¢Êù°‰ª∂Ôºö
2021/05/29 17:35:48.680 [I] [cars_apply_controller.go:40]  ÂΩìÂâçÈ°µ;1,Êü•ËØ¢Êù°‰ª∂Ôºö
2021/05/29 17:35:50.571 [I] [cars_apply_controller.go:228]  ÂΩìÂâçÈ°µ;1,Êü•ËØ¢Êù°‰ª∂Ôºö
2021/05/29 17:35:52.112 [I] [cars_apply_controller.go:164]  ÂΩìÂâçÈ°µ;1,Êü•ËØ¢Êù°‰ª∂Ôºö
2021/05/29 17:35:53.608 [I] [cars_apply_controller.go:164]  ÂΩìÂâçÈ°µ;1,Êü•ËØ¢Êù°‰ª∂Ôºö
2021/05/29 17:41:22.785 [I] [app.go:215]  http server Running on http://:8080
2021/05/29 17:41:24.431 [I] [app.go:215]  http server Running on http://:8080
2021/05/29 17:41:38.731 [I] [loginController.go:50]  captcha is wrong:false

2021/05/29 17:41:42.959 [I] [loginController.go:60]  username:admin or password:000000 login success

2021/05/29 17:41:48.179 [I] [homecontroller.go:137]  ÂΩìÂâçÈ°µ;0,Êü•ËØ¢Êù°‰ª∂Ôºö
2021/05/29 17:41:51.647 [I] [homecontroller.go:137]  ÂΩìÂâçÈ°µ;0,Êü•ËØ¢Êù°‰ª∂Ôºö
2021/05/29 17:41:54.348 [I] [homecontroller.go:137]  ÂΩìÂâçÈ°µ;0,Êü•ËØ¢Êù°‰ª∂Ôºö
2021/05/29 17:41:55.436 [I] [homecontroller.go:137]  ÂΩìÂâçÈ°µ;0,Êü•ËØ¢Êù°‰ª∂Ôºö
2021/05/29 17:42:23.680 [I] [homecontroller.go:137]  ÂΩìÂâçÈ°µ;0,Êü•ËØ¢Êù°‰ª∂Ôºö
2021/05/29 17:42:47.849 [I] [cars_apply_controller.go:40]  ÂΩìÂâçÈ°µ;1,Êü•ËØ¢Êù°‰ª∂Ôºö
2021/05/29 17:42:57.972 [I] [cars_apply_controller.go:40]  ÂΩìÂâçÈ°µ;1,Êü•ËØ¢Êù°‰ª∂Ôºö
2021/05/29 17:43:00.204 [I] [cars_apply_controller.go:40]  ÂΩìÂâçÈ°µ;1,Êü•ËØ¢Êù°‰ª∂Ôºö
2021/05/29 17:43:07.886 [I] [cars_apply_controller.go:40]  ÂΩìÂâçÈ°µ;1,Êü•ËØ¢Êù°‰ª∂Ôºö
2021/05/29 17:43:09.601 [I] [cars_apply_controller.go:40]  ÂΩìÂâçÈ°µ;1,Êü•ËØ¢Êù°‰ª∂Ôºö
2021/05/29 17:43:17.697 [I] [cars_apply_controller.go:40]  ÂΩìÂâçÈ°µ;1,Êü•ËØ¢Êù°‰ª∂Ôºö
2021/05/29 17:43:18.603 [I] [cars_apply_controller.go:40]  ÂΩìÂâçÈ°µ;1,Êü•ËØ¢Êù°‰ª∂Ôºö
2021/05/29 17:43:20.092 [I] [cars_apply_controller.go:228]  ÂΩìÂâçÈ°µ;1,Êü•ËØ¢Êù°‰ª∂Ôºö
2021/05/29 17:43:27.929 [I] [cars_apply_controller.go:40]  ÂΩìÂâçÈ°µ;1,Êü•ËØ¢Êù°‰ª∂Ôºö
2021/05/29 17:43:29.434 [I] [cars_apply_controller.go:228]  ÂΩìÂâçÈ°µ;1,Êü•ËØ¢Êù°‰ª∂Ôºö
2021/05/29 17:43:33.825 [I] [cars_apply_controller.go:40]  ÂΩìÂâçÈ°µ;1,Êü•ËØ¢Êù°‰ª∂Ôºö
2021/05/29 17:43:34.311 [I] [cars_apply_controller.go:228]  ÂΩìÂâçÈ°µ;1,Êü•ËØ¢Êù°‰ª∂Ôºö
2021/05/29 17:43:38.679 [I] [cars_apply_controller.go:40]  ÂΩìÂâçÈ°µ;1,Êü•ËØ¢Êù°‰ª∂Ôºö
2021/05/29 17:43:39.306 [I] [cars_apply_controller.go:228]  ÂΩìÂâçÈ°µ;1,Êü•ËØ¢Êù°‰ª∂Ôºö
2021/05/29 17:43:47.064 [I] [homecontroller.go:137]  ÂΩìÂâçÈ°µ;0,Êü•ËØ¢Êù°‰ª∂Ôºö
2021/05/29 17:43:49.880 [I] [homecontroller.go:137]  ÂΩìÂâçÈ°µ;0,Êü•ËØ¢Êù°‰ª∂Ôºö
2021/05/29 17:43:52.541 [I] [homecontroller.go:137]  ÂΩìÂâçÈ°µ;0,Êü•ËØ¢Êù°‰ª∂Ôºö
2021/05/29 17:43:54.940 [I] [homecontroller.go:137]  ÂΩìÂâçÈ°µ;0,Êü•ËØ¢Êù°‰ª∂Ôºö
2021/05/29 17:44:11.004 [I] [homecontroller.go:137]  ÂΩìÂâçÈ°µ;0,Êü•ËØ¢Êù°‰ª∂Ôºö
2021/05/29 17:44:37.582 [I] [cars_apply_controller.go:164]  ÂΩìÂâçÈ°µ;1,Êü•ËØ¢Êù°‰ª∂Ôºö
2021/05/29 17:44:39.233 [I] [cars_apply_controller.go:164]  ÂΩìÂâçÈ°µ;1,Êü•ËØ¢Êù°‰ª∂Ôºö
2021/05/29 17:44:40.656 [I] [cars_apply_controller.go:164]  ÂΩìÂâçÈ°µ;1,Êü•ËØ¢Êù°‰ª∂Ôºö
2021/05/29 17:44:41.607 [I] [cars_apply_controller.go:164]  ÂΩìÂâçÈ°µ;1,Êü•ËØ¢Êù°‰ª∂Ôºö
2021/05/29 17:44:43.048 [I] [cars_apply_controller.go:164]  ÂΩìÂâçÈ°µ;1,Êü•ËØ¢Êù°‰ª∂Ôºö
2021/05/29 17:44:44.725 [I] [cars_apply_controller.go:164]  ÂΩìÂâçÈ°µ;1,Êü•ËØ¢Êù°‰ª∂Ôºö
2021/05/29 17:44:45.665 [I] [cars_apply_controller.go:164]  ÂΩìÂâçÈ°µ;1,Êü•ËØ¢Êù°‰ª∂Ôºö
2021/05/29 17:44:48.390 [I] [cars_apply_controller.go:40]  ÂΩìÂâçÈ°µ;1,Êü•ËØ¢Êù°‰ª∂Ôºö
2021/05/29 17:44:50.467 [I] [cars_brand_controller.go:40]  ÂΩìÂâçÈ°µ;1,Êü•ËØ¢Êù°‰ª∂Ôºö
2021/05/29 17:44:51.331 [I] [cars_controller.go:39]  ÂΩìÂâçÈ°µ;1,Êü•ËØ¢Êù°‰ª∂Ôºö
2021/05/29 17:44:53.131 [I] [cars_apply_controller.go:228]  ÂΩìÂâçÈ°µ;1,Êü•ËØ¢Êù°‰ª∂Ôºö
2021/05/29 17:44:55.694 [I] [homecontroller.go:137]  ÂΩìÂâçÈ°µ;0,Êü•ËØ¢Êù°‰ª∂Ôºö
2021/05/29 17:44:57.624 [I] [homecontroller.go:137]  ÂΩìÂâçÈ°µ;0,Êü•ËØ¢Êù°‰ª∂Ôºö
2021/05/29 18:24:11.841 [I] [app.go:215]  http server Running on http://:8080
2021/05/29 18:24:13.327 [I] [app.go:215]  http server Running on http://:8080
2021/05/29 18:24:15.160 [I] [app.go:215]  http server Running on http://:8080
2021/05/29 18:24:16.957 [I] [app.go:215]  http server Running on http://:8080
2021/05/29 18:24:18.772 [I] [app.go:215]  http server Running on http://:8080
2021/05/29 18:24:25.367 [I] [app.go:215]  http server Running on http://:8080
2021/05/29 18:24:39.003 [I] [loginController.go:60]  username:admin or password:000000 login success

2021/05/29 18:24:46.073 [I] [authController.go:32]  current page:1, key word:

2021/05/29 18:24:48.396 [I] [authController.go:32]  current page:3, key word:

2021/05/29 18:25:05.280 [I] [authController.go:88]  insert into sys_auth info:{72 Êä•Ë°®ÁÆ°ÁêÜ # 0 Êä•Ë°®ÁÆ°ÁêÜÔºå‰∏ÄÁ∫ßËèúÂçï 2021-05-29 18:25:05.2721677 +0800 CST m=+40.246955401 1 0 40 []}

2021/05/29 18:25:05.282 [I] [authController.go:99]  insert into sys_auth success

2021/05/29 18:25:07.303 [I] [authController.go:32]  current page:1, key word:

2021/05/29 18:25:34.748 [I] [authController.go:88]  insert into sys_auth info:{73 ÂïÜ‰∏öÊä•Ë°® EchartsBusinessController.Get 72 ÂïÜ‰∏öÊä•Ë°®Ôºå‰∫åÁ∫ßËèúÂçï 2021-05-29 18:25:34.742797 +0800 CST m=+69.717584701 1 0 39 []}

2021/05/29 18:25:34.751 [I] [authController.go:99]  insert into sys_auth success

2021/05/29 18:25:36.766 [I] [authController.go:32]  current page:1, key word:

2021/05/29 18:25:39.839 [I] [authController.go:32]  current page:3, key word:

2021/05/29 18:26:10.157 [I] [authController.go:88]  insert into sys_auth info:{0 Ë¥¢Âä°Êä•Ë°® EchartsCaiwuController.Get 72 Ë¥¢Âä°Êä•Ë°®Ôºå‰∫åÁ∫ßËèúÂçï 2021-05-29 18:26:10.1480357 +0800 CST m=+105.122823401 1 0 38 []}

2021/05/29 18:26:28.071 [I] [authController.go:88]  insert into sys_auth info:{0 Ë¥¢Âä°Êä•Ë°® EchartsCaiwuController.Get 72 Ë¥¢Âä°Êä•Ë°®Ôºå‰∫åÁ∫ßËèúÂçï 2021-05-29 18:26:28.0669464 +0800 CST m=+123.041734101 1 0 37 []}

2021/05/29 18:27:41.805 [I] [authController.go:88]  insert into sys_auth info:{76 Ë¥¢Âä°Êä•Ë°®E EchartsCaiwuController.Get 72 Ë¥¢Âä°Êä•Ë°®Ôºå‰∫åÁ∫ßËèúÂçï 2021-05-29 18:27:41.7991029 +0800 CST m=+196.773890601 1 0 37 []}

2021/05/29 18:27:41.807 [I] [authController.go:99]  insert into sys_auth success

2021/05/29 18:27:43.828 [I] [authController.go:32]  current page:1, key word:

2021/05/29 18:28:14.334 [I] [authController.go:88]  insert into sys_auth info:{77 ËØæÁ®ãÊä•Ë°® EchartsCourseController.Get 72 ËØæÁ®ãÊä•Ë°®Ôºå‰∫åÁ∫ßËèúÂçï 2021-05-29 18:28:14.3285037 +0800 CST m=+229.303291401 1 0 36 []}

2021/05/29 18:28:14.336 [I] [authController.go:99]  insert into sys_auth success

2021/05/29 18:28:16.351 [I] [authController.go:32]  current page:1, key word:

2021/05/29 18:28:17.645 [I] [authController.go:32]  current page:3, key word:

2021/05/29 18:28:21.092 [I] [authController.go:32]  current page:2, key word:

2021/05/29 18:30:13.869 [I] [authController.go:32]  current page:1, key word:

2021/05/29 18:30:14.882 [I] [authController.go:32]  current page:3, key word:

2021/05/29 18:33:10.134 [I] [authController.go:32]  current page:1, key word:

2021/05/29 18:33:11.300 [I] [authController.go:32]  current page:3, key word:

2021/05/31 14:46:33.562 [I] [app.go:215]  http server Running on http://:8080
2021/05/31 14:46:40.305 [I] [loginController.go:60]  username:admin or password:000000 login success

2021/05/31 14:53:10.057 [I] [app.go:215]  http server Running on http://:8080
2021/05/31 14:53:20.601 [I] [loginController.go:60]  username:admin or password:000000 login success

2021/05/31 14:55:39.681 [I] [app.go:215]  http server Running on http://:8080
2021/05/31 14:55:51.599 [I] [loginController.go:60]  username:admin or password:000000 login success

2021/05/31 14:59:10.703 [I] [app.go:215]  http server Running on http://:8080
2021/05/31 14:59:16.462 [I] [loginController.go:60]  username:admin or password:000000 login success

2021/05/31 14:59:38.529 [I] [usercontroller.go:37]  current page:1, search keyword:

2021/05/31 14:59:40.955 [I] [usercontroller.go:37]  current page:1, search keyword:

