2021/05/26 14:43:15.586 [I] [app.go:215]  http server Running on http://:8080
2021/05/26 14:43:25.810 [I] [loginController.go:60]  username:admin or password:zhangsan login success

2021/05/26 14:44:46.674 [I] [loginController.go:60]  username:admin or password:zhangsan login success

2021/05/26 15:26:10.791 [I] [app.go:215]  http server Running on http://:8080
2021/05/26 15:26:30.734 [I] [usercontroller.go:53]  current page:1, search keyword:

2021/05/26 15:38:16.569 [I] [app.go:215]  http server Running on http://:8080
2021/05/26 15:42:35.139 [I] [app.go:215]  http server Running on http://:8080
2021/05/26 15:42:36.987 [I] [app.go:215]  http server Running on http://:8080
2021/05/26 15:44:58.199 [I] [usercontroller.go:53]  current page:1, search keyword:

2021/05/26 15:52:06.867 [I] [usercontroller.go:53]  current page:2, search keyword:

2021/05/26 15:52:08.812 [I] [usercontroller.go:53]  current page:1, search keyword:

2021/05/26 15:53:25.541 [I] [usercontroller.go:53]  current page:1, search keyword:

2021/05/26 15:53:37.603 [I] [usercontroller.go:53]  current page:2, search keyword:

2021/05/26 15:54:30.938 [I] [usercontroller.go:53]  current page:2, search keyword:

2021/05/26 15:55:03.170 [I] [usercontroller.go:53]  current page:1, search keyword:

2021/05/26 15:56:23.304 [I] [usercontroller.go:53]  current page:1, search keyword:

2021/05/26 15:58:14.952 [I] [app.go:215]  http server Running on http://:8080
2021/05/26 15:58:17.934 [I] [usercontroller.go:53]  current page:1, search keyword:

2021/05/26 15:58:23.644 [I] [usercontroller.go:53]  current page:2, search keyword:

2021/05/26 15:58:26.036 [I] [usercontroller.go:53]  current page:1, search keyword:

2021/05/26 15:58:39.703 [I] [usercontroller.go:53]  current page:1, search keyword:

2021/05/26 15:59:24.540 [I] [app.go:215]  http server Running on http://:8080
2021/05/26 15:59:34.615 [I] [loginController.go:60]  username:admin or password:zhangsan login success

2021/05/26 15:59:42.371 [I] [usercontroller.go:53]  current page:1, search keyword:

2021/05/26 16:01:44.257 [I] [usercontroller.go:53]  current page:2, search keyword:

2021/05/26 16:01:45.911 [I] [usercontroller.go:53]  current page:1, search keyword:

2021/05/26 16:01:49.386 [I] [app.go:215]  http server Running on http://:8080
2021/05/26 16:01:53.200 [I] [usercontroller.go:53]  current page:2, search keyword:

2021/05/26 16:01:55.531 [I] [usercontroller.go:53]  current page:1, search keyword:

2021/05/26 16:02:42.190 [I] [app.go:215]  http server Running on http://:8080
2021/05/26 16:02:49.082 [I] [usercontroller.go:53]  current page:1, search keyword:

2021/05/26 16:03:35.786 [I] [app.go:215]  http server Running on http://:8080
2021/05/26 16:03:38.320 [I] [usercontroller.go:54]  current page:1, search keyword:

2021/05/26 16:04:08.784 [I] [app.go:215]  http server Running on http://:8080
2021/05/26 16:04:17.445 [I] [usercontroller.go:54]  current page:1, search keyword:

2021/05/26 16:04:26.063 [I] [usercontroller.go:54]  current page:1, search keyword:

2021/05/26 16:04:33.302 [I] [usercontroller.go:54]  current page:1, search keyword:

2021/05/26 16:04:48.388 [I] [usercontroller.go:54]  current page:2, search keyword:

2021/05/26 16:04:49.839 [I] [usercontroller.go:54]  current page:1, search keyword:

2021/05/26 16:05:18.384 [I] [usercontroller.go:110]  insert info success: username:admin89, password:1¶w5ÉÌ+¥¨◊WIW!u, age:98, gender:1, phone:13296574199, addr:Ê≠¶Ê±â, isactive:1

2021/05/26 16:05:20.416 [I] [usercontroller.go:54]  current page:1, search keyword:

2021/05/26 16:05:21.569 [I] [usercontroller.go:54]  current page:2, search keyword:

2021/05/26 16:05:22.806 [I] [usercontroller.go:54]  current page:1, search keyword:

2021/05/26 16:05:39.956 [I] [usercontroller.go:54]  current page:1, search keyword:

2021/05/26 16:05:45.852 [I] [usercontroller.go:54]  current page:1, search keyword:

2021/05/26 16:05:47.157 [I] [usercontroller.go:54]  current page:2, search keyword:

2021/05/26 16:05:51.895 [I] [usercontroller.go:54]  current page:1, search keyword:

2021/05/26 16:07:20.686 [I] [app.go:215]  http server Running on http://:8080
2021/05/26 16:07:21.054 [I] [usercontroller.go:37]  current page:1, search keyword:

2021/05/26 16:07:23.761 [I] [usercontroller.go:37]  current page:2, search keyword:

2021/05/26 16:07:24.889 [I] [usercontroller.go:37]  current page:1, search keyword:

2021/05/26 16:07:26.185 [I] [usercontroller.go:37]  current page:2, search keyword:

2021/05/26 16:07:27.258 [I] [usercontroller.go:37]  current page:1, search keyword:

2021/05/26 16:07:28.869 [I] [usercontroller.go:37]  current page:2, search keyword:

2021/05/26 16:07:29.882 [I] [usercontroller.go:37]  current page:1, search keyword:

2021/05/26 16:10:07.230 [I] [app.go:215]  http server Running on http://:8080
2021/05/26 16:19:49.632 [I] [app.go:215]  http server Running on http://:8080
2021/05/26 16:23:15.567 [I] [usercontroller.go:37]  current page:1, search keyword:

2021/05/26 16:24:13.179 [I] [usercontroller.go:37]  current page:1, search keyword:

2021/05/26 16:24:17.601 [I] [usercontroller.go:37]  current page:1, search keyword:22

2021/05/26 16:25:58.194 [I] [usercontroller.go:37]  current page:1, search keyword:

2021/05/26 16:26:00.829 [I] [usercontroller.go:37]  current page:1, search keyword:ad

2021/05/26 16:26:02.655 [I] [usercontroller.go:37]  current page:2, search keyword:ad

2021/05/26 16:26:03.714 [I] [usercontroller.go:37]  current page:1, search keyword:ad

2021/05/26 16:26:05.901 [I] [usercontroller.go:37]  current page:1, search keyword:11

2021/05/26 16:26:08.680 [I] [usercontroller.go:37]  current page:1, search keyword:

2021/05/26 16:31:01.337 [I] [app.go:215]  http server Running on http://:8080
2021/05/26 16:32:53.996 [I] [app.go:215]  http server Running on http://:8080
2021/05/26 16:33:00.498 [I] [usercontroller.go:37]  current page:1, search keyword:

2021/05/26 16:33:03.200 [I] [usercontroller.go:37]  current page:1, search keyword:1

2021/05/26 16:33:04.389 [I] [usercontroller.go:37]  current page:1, search keyword:

2021/05/26 16:33:06.508 [I] [usercontroller.go:37]  current page:1, search keyword:2

2021/05/26 16:33:08.395 [I] [usercontroller.go:37]  current page:1, search keyword:

2021/05/26 17:21:30.408 [I] [app.go:215]  http server Running on http://:8080
2021/05/26 17:21:35.496 [I] [authController.go:32]  current page:1, key word:

2021/05/26 17:25:28.743 [I] [authController.go:32]  current page:1, key word:

2021/05/26 17:29:35.225 [I] [app.go:215]  http server Running on http://:8080
2021/05/26 17:29:42.573 [I] [loginController.go:60]  username:admin or password:zhangsan login success

2021/05/26 17:29:46.083 [I] [authController.go:32]  current page:1, key word:

2021/05/26 17:30:10.956 [I] [authController.go:32]  current page:1, key word:

2021/05/26 17:31:03.613 [I] [usercontroller.go:37]  current page:1, search keyword:

2021/05/26 17:32:25.634 [I] [authController.go:32]  current page:1, key word:

2021/05/26 17:37:06.952 [I] [authController.go:32]  current page:1, key word:

2021/05/26 17:38:52.049 [I] [authController.go:32]  current page:1, key word:

2021/05/26 17:41:50.599 [I] [authController.go:32]  current page:1, key word:

2021/05/26 17:43:57.049 [I] [authController.go:32]  current page:1, key word:

2021/05/26 17:47:01.072 [I] [authController.go:32]  current page:1, key word:

2021/05/26 17:47:13.438 [I] [authController.go:88]  insert into sys_auth info:{10 xxxxxxxx # 3 xxxxxxxxxxxxxx 2021-05-26 17:47:13.3445806 +0800 CST m=+1058.543115801 1 0 3}

2021/05/26 17:47:13.439 [I] [authController.go:99]  insert into sys_auth success

2021/05/26 17:49:39.433 [I] [app.go:215]  http server Running on http://:8080
2021/05/26 17:49:40.849 [I] [app.go:215]  http server Running on http://:8080
2021/05/26 17:49:46.447 [I] [authController.go:32]  current page:1, key word:

2021/05/26 17:50:14.026 [I] [authController.go:88]  insert into sys_auth info:{11 aaaaaa /auth/addmy 2 fdsfsdfsdf 2021-05-26 17:50:14.010707 +0800 CST m=+33.540166201 0 0 1}

2021/05/26 17:50:14.029 [I] [authController.go:99]  insert into sys_auth success

2021/05/26 17:50:40.012 [I] [authController.go:32]  current page:1, key word:

2021/05/26 17:50:41.153 [I] [authController.go:32]  current page:2, key word:

2021/05/26 17:50:48.972 [I] [authController.go:32]  current page:1, key word:

2021/05/26 17:50:50.937 [I] [authController.go:32]  current page:2, key word:

2021/05/26 17:51:19.721 [I] [authController.go:32]  current page:2, key word:

2021/05/26 17:52:04.217 [I] [authController.go:88]  insert into sys_auth info:{1 Áî®Êà∑ÁÆ°ÁêÜ /m/user-list 0 Áî®Êà∑ÁÆ°ÁêÜÔºå‰∏ÄÁ∫ßËèúÂçï 2021-05-26 17:52:04.2080421 +0800 CST m=+143.737501301 1 0 1}

2021/05/26 17:52:04.221 [I] [authController.go:99]  insert into sys_auth success

2021/05/26 17:52:08.168 [I] [authController.go:32]  current page:2, key word:

2021/05/26 17:52:09.440 [I] [authController.go:32]  current page:2, key word:

2021/05/26 17:52:09.583 [I] [authController.go:32]  current page:2, key word:

2021/05/26 17:52:30.699 [I] [authController.go:32]  current page:2, key word:

2021/05/26 17:52:38.213 [I] [authController.go:32]  current page:2, key word:

2021/05/26 17:52:41.546 [I] [authController.go:32]  current page:1, key word:

2021/05/26 17:52:43.767 [I] [authController.go:32]  current page:1, key word:

2021/05/26 17:54:46.523 [I] [authController.go:32]  current page:1, key word:

2021/05/26 17:55:25.348 [I] [authController.go:88]  insert into sys_auth info:{2 ÊùÉÈôêÁÆ°ÁêÜ main/auth-list 1 ÊùÉÈôêÂàóË°®Ôºå‰∫åÁ∫ßËèúÂçï 2021-05-26 17:55:25.3298634 +0800 CST m=+344.859322601 1 0 4}

2021/05/26 17:55:25.351 [I] [authController.go:99]  insert into sys_auth success

2021/05/26 17:55:39.441 [I] [authController.go:32]  current page:1, key word:

2021/05/26 17:58:49.127 [I] [usercontroller.go:37]  current page:1, search keyword:

2021/05/26 17:59:14.548 [I] [authController.go:32]  current page:1, key word:

2021/05/26 17:59:30.975 [I] [authController.go:88]  insert into sys_auth info:{3 xxxxxx # 1 xxxxx 2021-05-26 17:59:30.9691645 +0800 CST m=+590.498623701 0 0 3}

2021/05/26 17:59:30.977 [I] [authController.go:99]  insert into sys_auth success

2021/05/26 17:59:33.007 [I] [authController.go:32]  current page:1, key word:

2021/05/26 17:59:36.226 [I] [authController.go:32]  current page:1, key word:

2021/05/26 20:58:21.241 [I] [app.go:215]  http server Running on http://:8080
2021/05/26 20:58:21.675 [I] [app.go:215]  http server Running on http://:8080
2021/05/26 20:58:23.645 [I] [app.go:215]  http server Running on http://:8080
2021/05/26 20:58:25.223 [I] [app.go:215]  http server Running on http://:8080
2021/05/26 20:58:26.987 [I] [app.go:215]  http server Running on http://:8080
2021/05/26 20:59:14.960 [I] [app.go:215]  http server Running on http://:8080
2021/05/26 20:59:24.566 [I] [loginController.go:60]  username:admin or password:zhangsan login success

2021/05/26 20:59:28.234 [I] [authController.go:32]  current page:1, key word:

2021/05/26 21:01:47.839 [I] [usercontroller.go:37]  current page:1, search keyword:

2021/05/26 21:02:16.834 [I] [authController.go:32]  current page:1, key word:

2021/05/26 21:05:11.880 [I] [app.go:215]  http server Running on http://:8080
2021/05/26 21:34:34.898 [I] [app.go:215]  http server Running on http://:8080
2021/05/26 21:34:40.770 [I] [usercontroller.go:37]  current page:1, search keyword:

2021/05/26 21:34:41.724 [I] [usercontroller.go:37]  current page:1, search keyword:

2021/05/26 21:34:43.654 [I] [authController.go:32]  current page:1, key word:

2021/05/26 21:34:44.238 [I] [authController.go:32]  current page:1, key word:

2021/05/26 21:41:47.073 [I] [authController.go:32]  current page:1, key word:

2021/05/26 21:52:30.087 [I] [app.go:215]  http server Running on http://:8080
2021/05/26 21:52:38.278 [I] [authController.go:32]  current page:1, key word:

2021/05/26 21:53:35.402 [I] [authController.go:88]  insert into sys_auth info:{46 ËßíËâ≤ÂàóË°® RoleController.List 3 ËßíËâ≤ÂàóË°®Ôºå‰∫åÁ∫ßËèúÂçï 2021-05-26 21:53:35.3420272 +0800 CST m=+65.846240401 1 0 96}

2021/05/26 21:53:35.405 [I] [authController.go:99]  insert into sys_auth success

2021/05/26 21:53:37.438 [I] [authController.go:32]  current page:1, key word:

2021/05/26 21:53:38.993 [I] [authController.go:32]  current page:1, key word:

2021/05/26 21:53:49.610 [I] [authController.go:32]  current page:1, key word:

2021/05/26 22:10:36.638 [I] [app.go:215]  http server Running on http://:8080
2021/05/26 22:10:38.176 [I] [app.go:215]  http server Running on http://:8080
2021/05/26 22:10:40.706 [I] [app.go:215]  http server Running on http://:8080
2021/05/26 22:10:41.847 [I] [roleController.go:33]  current page:1, search keyword:

2021/05/26 22:10:42.778 [I] [app.go:215]  http server Running on http://:8080
2021/05/26 22:10:44.666 [I] [app.go:215]  http server Running on http://:8080
2021/05/26 22:10:46.631 [I] [app.go:215]  http server Running on http://:8080
2021/05/26 22:10:47.683 [I] [roleController.go:33]  current page:1, search keyword:

2021/05/26 22:10:48.716 [I] [app.go:215]  http server Running on http://:8080
2021/05/26 22:10:50.699 [I] [app.go:215]  http server Running on http://:8080
2021/05/26 22:10:52.745 [I] [app.go:215]  http server Running on http://:8080
2021/05/26 22:10:54.723 [I] [app.go:215]  http server Running on http://:8080
2021/05/26 22:10:56.423 [I] [app.go:215]  http server Running on http://:8080
2021/05/26 22:10:58.318 [I] [app.go:215]  http server Running on http://:8080
2021/05/26 22:11:17.936 [I] [roleController.go:33]  current page:1, search keyword:

2021/05/26 22:11:18.692 [I] [roleController.go:33]  current page:1, search keyword:

2021/05/26 22:11:19.135 [I] [roleController.go:33]  current page:1, search keyword:

2021/05/26 22:11:44.180 [I] [roleController.go:33]  current page:1, search keyword:

2021/05/26 22:14:28.166 [I] [roleController.go:33]  current page:1, search keyword:

2021/05/26 22:14:58.363 [I] [app.go:215]  http server Running on http://:8080
2021/05/26 22:15:00.366 [I] [roleController.go:33]  current page:1, search keyword:

2021/05/26 22:15:50.190 [I] [app.go:215]  http server Running on http://:8080
2021/05/26 22:15:52.396 [I] [roleController.go:33]  current page:1, search keyword:

2021/05/26 22:17:27.165 [I] [app.go:215]  http server Running on http://:8080
2021/05/26 22:27:11.741 [I] [app.go:215]  http server Running on http://:8080
2021/05/26 22:27:17.742 [I] [roleController.go:34]  current page:1, search keyword:

2021/05/26 22:28:01.784 [I] [roleController.go:34]  current page:1, search keyword:

2021/05/26 22:29:28.068 [I] [app.go:215]  http server Running on http://:8080
2021/05/26 22:29:38.253 [I] [roleController.go:34]  current page:1, search keyword:

2021/05/26 22:29:49.265 [I] [roleController.go:34]  current page:1, search keyword:

2021/05/26 22:29:57.326 [I] [roleController.go:34]  current page:1, search keyword:

2021/05/26 22:34:13.892 [I] [roleController.go:34]  current page:1, search keyword:

2021/05/26 22:34:19.652 [I] [roleController.go:34]  current page:1, search keyword:

2021/05/26 22:34:41.232 [I] [roleController.go:34]  current page:1, search keyword:

2021/05/26 22:34:46.957 [I] [roleController.go:34]  current page:1, search keyword:

2021/05/26 22:36:52.692 [I] [app.go:215]  http server Running on http://:8080
2021/05/26 22:36:54.551 [I] [app.go:215]  http server Running on http://:8080
2021/05/26 22:37:02.340 [I] [roleController.go:34]  current page:1, search keyword:

2021/05/26 22:39:24.015 [I] [roleController.go:34]  current page:1, search keyword:

2021/05/26 22:39:43.321 [I] [roleController.go:34]  current page:1, search keyword:

2021/05/27 11:23:58.036 [I] [app.go:215]  http server Running on http://:8080
2021/05/27 11:24:07.200 [I] [loginController.go:60]  username:admin or password:zhangsan login success

2021/05/27 11:24:09.206 [I] [usercontroller.go:37]  current page:1, search keyword:

2021/05/27 11:24:11.162 [I] [authController.go:32]  current page:1, key word:

2021/05/27 11:24:12.247 [I] [roleController.go:34]  current page:1, search keyword:

2021/05/27 11:39:33.995 [I] [app.go:215]  http server Running on http://:8080
2021/05/27 11:39:39.312 [I] [roleController.go:34]  current page:1, search keyword:

2021/05/27 11:40:45.758 [I] [app.go:215]  http server Running on http://:8080
2021/05/27 11:40:49.292 [I] [roleController.go:34]  current page:1, search keyword:

2021/05/27 11:43:44.944 [I] [app.go:215]  http server Running on http://:8080
2021/05/27 11:43:49.368 [I] [roleController.go:34]  current page:1, search keyword:

2021/05/27 11:44:43.658 [I] [roleController.go:34]  current page:1, search keyword:

2021/05/27 11:45:32.100 [I] [roleController.go:34]  current page:1, search keyword:

2021/05/27 11:47:10.899 [I] [usercontroller.go:37]  current page:1, search keyword:

2021/05/27 11:47:29.383 [I] [usercontroller.go:166]  userId:1 try to update

2021/05/27 11:49:53.383 [I] [roleController.go:34]  current page:1, search keyword:

2021/05/27 11:54:03.353 [I] [app.go:215]  http server Running on http://:8080
2021/05/27 11:54:06.218 [I] [roleController.go:34]  current page:1, search keyword:

2021/05/27 11:55:01.578 [I] [roleController.go:34]  current page:1, search keyword:

2021/05/27 12:01:39.510 [I] [roleController.go:34]  current page:1, search keyword:

2021/05/27 12:05:41.234 [I] [app.go:215]  http server Running on http://:8080
2021/05/27 12:05:43.701 [I] [roleController.go:34]  current page:1, search keyword:

2021/05/27 12:06:28.132 [I] [app.go:215]  http server Running on http://:8080
2021/05/27 12:06:30.038 [I] [roleController.go:34]  current page:1, search keyword:

2021/05/27 12:07:28.878 [I] [app.go:215]  http server Running on http://:8080
2021/05/27 12:07:31.622 [I] [roleController.go:34]  current page:1, search keyword:

2021/05/27 12:08:26.252 [I] [roleController.go:34]  current page:1, search keyword:

2021/05/27 12:17:52.005 [I] [authController.go:32]  current page:1, key word:

2021/05/27 12:18:04.994 [I] [usercontroller.go:37]  current page:1, search keyword:

2021/05/27 12:20:52.302 [I] [roleController.go:34]  current page:1, search keyword:

2021/05/27 12:20:56.384 [I] [roleController.go:34]  current page:1, search keyword:

2021/05/27 12:32:24.992 [I] [app.go:215]  http server Running on http://:8080
2021/05/27 12:32:26.991 [I] [app.go:215]  http server Running on http://:8080
2021/05/27 12:32:27.846 [I] [roleController.go:34]  current page:1, search keyword:

2021/05/27 12:32:29.131 [I] [app.go:215]  http server Running on http://:8080
2021/05/27 12:32:30.947 [I] [app.go:215]  http server Running on http://:8080
2021/05/27 12:32:32.784 [I] [app.go:215]  http server Running on http://:8080
2021/05/27 12:32:34.663 [I] [app.go:215]  http server Running on http://:8080
2021/05/27 12:32:35.667 [I] [roleController.go:34]  current page:1, search keyword:

2021/05/27 12:32:36.684 [I] [app.go:215]  http server Running on http://:8080
2021/05/27 12:32:38.661 [I] [app.go:215]  http server Running on http://:8080
2021/05/27 12:32:40.464 [I] [app.go:215]  http server Running on http://:8080
2021/05/27 12:32:42.246 [I] [app.go:215]  http server Running on http://:8080
2021/05/27 12:32:44.266 [I] [app.go:215]  http server Running on http://:8080
2021/05/27 12:32:46.187 [I] [app.go:215]  http server Running on http://:8080
2021/05/27 12:42:07.372 [I] [app.go:215]  http server Running on http://:8080
2021/05/27 12:42:17.552 [I] [roleController.go:34]  current page:1, search keyword:

2021/05/27 12:44:04.964 [I] [roleController.go:34]  current page:1, search keyword:

2021/05/27 12:56:06.178 [I] [app.go:215]  http server Running on http://:8080
2021/05/27 12:56:11.613 [I] [roleController.go:35]  current page:1, search keyword:

2021/05/27 13:07:13.563 [I] [app.go:215]  http server Running on http://:8080
2021/05/27 13:07:22.403 [I] [roleController.go:36]  current page:1, search keyword:

2021/05/27 13:59:16.063 [I] [app.go:215]  http server Running on http://:8080
2021/05/27 13:59:17.784 [I] [app.go:215]  http server Running on http://:8080
2021/05/27 13:59:17.901 [I] [roleController.go:36]  current page:1, search keyword:

2021/05/27 13:59:19.791 [I] [app.go:215]  http server Running on http://:8080
2021/05/27 13:59:21.816 [I] [app.go:215]  http server Running on http://:8080
2021/05/27 13:59:23.659 [I] [app.go:215]  http server Running on http://:8080
2021/05/27 13:59:25.687 [I] [app.go:215]  http server Running on http://:8080
2021/05/27 13:59:27.662 [I] [app.go:215]  http server Running on http://:8080
2021/05/27 13:59:29.628 [I] [app.go:215]  http server Running on http://:8080
2021/05/27 13:59:31.515 [I] [app.go:215]  http server Running on http://:8080
2021/05/27 13:59:33.640 [I] [app.go:215]  http server Running on http://:8080
2021/05/27 13:59:35.755 [I] [app.go:215]  http server Running on http://:8080
2021/05/27 13:59:35.906 [I] [roleController.go:36]  current page:1, search keyword:

2021/05/27 13:59:37.873 [I] [app.go:215]  http server Running on http://:8080
2021/05/27 14:03:04.643 [I] [app.go:215]  http server Running on http://:8080
2021/05/27 14:03:06.202 [I] [app.go:215]  http server Running on http://:8080
2021/05/27 14:03:12.999 [I] [loginController.go:60]  username:admin or password:zhangsan login success

2021/05/27 14:03:15.122 [I] [roleController.go:36]  current page:1, search keyword:

2021/05/27 14:03:26.147 [I] [roleController.go:36]  current page:1, search keyword:

2021/05/27 14:03:27.688 [I] [roleController.go:36]  current page:1, search keyword:

2021/05/27 14:03:51.810 [I] [roleController.go:36]  current page:1, search keyword:

2021/05/27 14:10:20.692 [I] [app.go:215]  http server Running on http://:8080
2021/05/27 14:10:23.870 [I] [roleController.go:36]  current page:1, search keyword:

2021/05/27 14:11:57.521 [I] [roleController.go:36]  current page:1, search keyword:

2021/05/27 14:17:30.089 [I] [app.go:215]  http server Running on http://:8080
2021/05/27 14:17:36.946 [I] [roleController.go:36]  current page:1, search keyword:

2021/05/27 14:29:47.547 [I] [app.go:215]  http server Running on http://:8080
2021/05/27 14:29:49.108 [I] [roleController.go:36]  current page:1, search keyword:

2021/05/27 14:57:14.846 [I] [app.go:215]  http server Running on http://:8080
2021/05/27 14:57:17.452 [I] [roleController.go:36]  current page:1, search keyword:

2021/05/27 14:57:56.699 [I] [app.go:215]  http server Running on http://:8080
2021/05/27 14:57:59.709 [I] [roleController.go:36]  current page:1, search keyword:

2021/05/27 15:00:45.998 [I] [roleController.go:36]  current page:1, search keyword:

2021/05/27 15:01:59.005 [I] [roleController.go:36]  current page:1, search keyword:

2021/05/27 15:09:53.596 [I] [app.go:215]  http server Running on http://:8080
2021/05/27 15:09:54.841 [I] [app.go:215]  http server Running on http://:8080
2021/05/27 15:09:57.151 [I] [app.go:215]  http server Running on http://:8080
2021/05/27 15:09:57.471 [I] [roleController.go:37]  current page:1, search keyword:

2021/05/27 15:09:59.115 [I] [app.go:215]  http server Running on http://:8080
2021/05/27 15:10:01.232 [I] [app.go:215]  http server Running on http://:8080
2021/05/27 15:10:03.257 [I] [app.go:215]  http server Running on http://:8080
2021/05/27 15:10:05.238 [I] [app.go:215]  http server Running on http://:8080
2021/05/27 15:10:07.620 [I] [app.go:215]  http server Running on http://:8080
2021/05/27 15:10:09.795 [I] [app.go:215]  http server Running on http://:8080
2021/05/27 15:10:11.783 [I] [app.go:215]  http server Running on http://:8080
2021/05/27 15:10:13.595 [I] [app.go:215]  http server Running on http://:8080
2021/05/27 15:10:15.694 [I] [app.go:215]  http server Running on http://:8080
2021/05/27 15:39:33.260 [I] [app.go:215]  http server Running on http://:8080
2021/05/27 15:39:37.927 [I] [roleController.go:36]  current page:1, search keyword:

2021/05/27 15:41:09.436 [I] [roleController.go:36]  current page:1, search keyword:

2021/05/27 16:00:31.522 [I] [app.go:215]  http server Running on http://:8080
2021/05/27 16:00:33.460 [I] [app.go:215]  http server Running on http://:8080
2021/05/27 16:00:42.873 [I] [roleController.go:37]  current page:1, search keyword:

2021/05/27 16:02:01.020 [I] [app.go:215]  http server Running on http://:8080
2021/05/27 16:02:08.432 [I] [roleController.go:37]  current page:1, search keyword:

2021/05/27 16:05:47.435 [I] [app.go:215]  http server Running on http://:8080
2021/05/27 16:05:49.572 [I] [roleController.go:37]  current page:1, search keyword:

2021/05/27 16:25:41.545 [I] [app.go:215]  http server Running on http://:8080
2021/05/27 16:25:43.866 [I] [app.go:215]  http server Running on http://:8080
2021/05/27 16:25:46.136 [I] [app.go:215]  http server Running on http://:8080
2021/05/27 16:25:46.348 [I] [roleController.go:36]  current page:1, search keyword:

2021/05/27 16:25:48.266 [I] [app.go:215]  http server Running on http://:8080
2021/05/27 16:25:50.504 [I] [app.go:215]  http server Running on http://:8080
2021/05/27 16:25:52.712 [I] [app.go:215]  http server Running on http://:8080
2021/05/27 16:25:54.713 [I] [app.go:215]  http server Running on http://:8080
2021/05/27 16:25:56.554 [I] [app.go:215]  http server Running on http://:8080
2021/05/27 16:25:58.341 [I] [app.go:215]  http server Running on http://:8080
2021/05/27 16:26:00.190 [I] [app.go:215]  http server Running on http://:8080
2021/05/27 16:26:02.029 [I] [app.go:215]  http server Running on http://:8080
2021/05/27 16:26:03.932 [I] [app.go:215]  http server Running on http://:8080
2021/05/27 16:27:14.209 [I] [roleController.go:36]  current page:1, search keyword:

2021/05/27 16:27:46.229 [I] [roleController.go:36]  current page:1, search keyword:

2021/05/27 16:29:18.152 [I] [app.go:215]  http server Running on http://:8080
2021/05/27 16:29:19.783 [I] [roleController.go:36]  current page:1, search keyword:

2021/05/27 16:34:30.852 [I] [app.go:215]  http server Running on http://:8080
2021/05/27 16:34:42.101 [I] [loginController.go:60]  username:admin or password:zhangsan login success

2021/05/27 16:34:44.121 [I] [roleController.go:36]  current page:1, search keyword:

2021/05/27 16:37:22.168 [I] [app.go:215]  http server Running on http://:8080
2021/05/27 16:37:24.874 [I] [roleController.go:36]  current page:1, search keyword:

2021/05/27 16:37:43.143 [I] [roleController.go:36]  current page:1, search keyword:

2021/05/27 16:38:12.151 [I] [roleController.go:36]  current page:1, search keyword:

2021/05/27 17:01:22.842 [I] [app.go:215]  http server Running on http://:8080
2021/05/27 17:01:45.565 [I] [roleController.go:36]  current page:1, search keyword:

2021/05/27 17:03:08.502 [I] [roleController.go:36]  current page:1, search keyword:

2021/05/27 17:03:58.704 [I] [roleController.go:36]  current page:1, search keyword:

2021/05/27 17:04:11.251 [I] [roleController.go:36]  current page:1, search keyword:

2021/05/27 17:05:02.646 [I] [app.go:215]  http server Running on http://:8080
2021/05/27 17:05:05.481 [I] [roleController.go:36]  current page:1, search keyword:

2021/05/27 17:05:39.123 [I] [roleController.go:36]  current page:1, search keyword:

2021/05/27 17:06:30.931 [I] [roleController.go:36]  current page:1, search keyword:

2021/05/27 17:12:03.652 [I] [app.go:215]  http server Running on http://:8080
2021/05/27 17:12:05.870 [I] [roleController.go:36]  current page:1, search keyword:

2021/05/27 17:14:15.810 [I] [app.go:215]  http server Running on http://:8080
2021/05/27 17:14:20.871 [I] [roleController.go:36]  current page:1, search keyword:

2021/05/27 17:28:30.045 [I] [roleController.go:36]  current page:1, search keyword:

2021/05/27 17:29:24.389 [I] [app.go:215]  http server Running on http://:8080
2021/05/27 17:29:26.242 [I] [app.go:215]  http server Running on http://:8080
2021/05/27 17:29:28.200 [I] [app.go:215]  http server Running on http://:8080
2021/05/27 17:29:30.218 [I] [app.go:215]  http server Running on http://:8080
2021/05/27 17:29:34.900 [I] [app.go:215]  http server Running on http://:8080
2021/05/27 17:29:38.828 [I] [roleController.go:36]  current page:1, search keyword:

2021/05/27 17:30:41.852 [I] [roleController.go:36]  current page:1, search keyword:

2021/05/27 17:33:40.357 [I] [roleController.go:36]  current page:1, search keyword:

2021/05/27 17:35:43.873 [I] [app.go:215]  http server Running on http://:8080
2021/05/27 17:35:47.550 [I] [roleController.go:36]  current page:1, search keyword:

2021/05/27 17:36:49.361 [I] [roleController.go:36]  current page:1, search keyword:

2021/05/27 17:37:08.808 [I] [roleController.go:36]  current page:1, search keyword:

2021/05/27 17:37:35.979 [I] [app.go:215]  http server Running on http://:8080
2021/05/27 17:37:42.763 [I] [loginController.go:60]  username:admin or password:zhangsan login success

2021/05/27 17:37:44.868 [I] [roleController.go:36]  current page:1, search keyword:

2021/05/27 17:43:36.186 [I] [app.go:215]  http server Running on http://:8080
2021/05/27 17:43:43.095 [I] [loginController.go:60]  username:admin or password:zhangsan login success

2021/05/27 17:43:44.961 [I] [roleController.go:36]  current page:1, search keyword:

2021/05/27 17:44:21.435 [I] [roleController.go:36]  current page:1, search keyword:

2021/05/27 17:45:50.066 [I] [app.go:215]  http server Running on http://:8080
2021/05/27 17:45:52.787 [I] [roleController.go:36]  current page:1, search keyword:

2021/05/27 17:46:39.650 [I] [app.go:215]  http server Running on http://:8080
2021/05/27 17:46:42.776 [I] [authController.go:32]  current page:1, key word:

2021/05/27 17:46:44.829 [I] [roleController.go:36]  current page:1, search keyword:

2021/05/27 17:49:29.366 [I] [app.go:215]  http server Running on http://:8080
2021/05/27 17:49:43.875 [I] [roleController.go:36]  current page:1, search keyword:

2021/05/27 17:49:52.659 [I] [roleController.go:36]  current page:1, search keyword:

2021/05/27 17:50:11.182 [I] [roleController.go:36]  current page:1, search keyword:

2021/05/27 17:51:43.479 [I] [app.go:215]  http server Running on http://:8080
2021/05/27 17:51:46.958 [I] [roleController.go:36]  current page:1, search keyword:

2021/05/27 17:51:54.261 [I] [roleController.go:36]  current page:1, search keyword:

2021/05/27 17:52:08.360 [I] [roleController.go:36]  current page:1, search keyword:

2021/05/27 17:52:08.771 [I] [roleController.go:36]  current page:1, search keyword:

2021/05/27 17:52:34.593 [I] [roleController.go:36]  current page:1, search keyword:

2021/05/27 17:53:28.253 [I] [app.go:215]  http server Running on http://:8080
2021/05/27 17:53:35.844 [I] [loginController.go:60]  username:admin or password:zhangsan login success

2021/05/27 17:53:38.100 [I] [roleController.go:36]  current page:1, search keyword:

2021/05/27 17:53:52.597 [I] [roleController.go:36]  current page:1, search keyword:

2021/05/27 17:54:41.101 [I] [roleController.go:36]  current page:1, search keyword:

2021/05/27 17:54:48.315 [I] [roleController.go:36]  current page:1, search keyword:

2021/05/27 17:55:06.431 [I] [roleController.go:36]  current page:1, search keyword:

2021/05/27 17:57:34.146 [I] [roleController.go:36]  current page:1, search keyword:

2021/05/27 17:57:58.456 [I] [roleController.go:36]  current page:1, search keyword:

2021/05/27 17:58:07.198 [I] [roleController.go:36]  current page:1, search keyword:

2021/05/27 17:59:56.463 [I] [app.go:215]  http server Running on http://:8080
2021/05/27 18:00:00.604 [I] [roleController.go:36]  current page:1, search keyword:

2021/05/27 18:00:05.518 [I] [roleController.go:36]  current page:1, search keyword:

2021/05/27 18:00:46.915 [I] [app.go:215]  http server Running on http://:8080
2021/05/27 18:01:07.538 [I] [roleController.go:36]  current page:1, search keyword:

2021/05/27 18:01:13.485 [I] [roleController.go:36]  current page:1, search keyword:

2021/05/27 18:04:33.287 [I] [app.go:215]  http server Running on http://:8080
2021/05/27 18:05:17.358 [I] [app.go:215]  http server Running on http://:8080
2021/05/27 18:06:08.763 [I] [app.go:215]  http server Running on http://:8080
2021/05/27 18:07:36.254 [I] [app.go:215]  http server Running on http://:8080
2021/05/27 18:11:04.328 [I] [app.go:215]  http server Running on http://:8080
2021/05/27 18:18:22.264 [I] [app.go:215]  http server Running on http://:8080
2021/05/27 18:18:24.037 [I] [app.go:215]  http server Running on http://:8080
2021/05/27 18:19:59.079 [I] [app.go:215]  http server Running on http://:8080
2021/05/27 20:37:36.827 [I] [app.go:215]  http server Running on http://:8080
2021/05/27 20:37:43.722 [I] [usercontroller.go:37]  current page:1, search keyword:

2021/05/27 20:37:45.366 [I] [usercontroller.go:37]  current page:2, search keyword:

2021/05/27 20:37:46.414 [I] [usercontroller.go:37]  current page:1, search keyword:

2021/05/27 20:37:48.192 [I] [authController.go:32]  current page:1, key word:

2021/05/27 20:39:30.440 [I] [app.go:215]  http server Running on http://:8080
2021/05/27 20:47:08.874 [I] [app.go:215]  http server Running on http://:8080
2021/05/27 20:47:15.530 [I] [loginController.go:60]  username:admin or password:zhangsan login success

2021/05/27 20:52:59.039 [I] [app.go:215]  http server Running on http://:8080
2021/05/27 20:53:08.572 [I] [loginController.go:60]  username:admin or password:zhangsan login success

2021/05/27 21:02:32.328 [I] [app.go:215]  http server Running on http://:8080
2021/05/27 21:02:40.024 [I] [loginController.go:60]  username:admin or password:zhangsan login success

2021/05/27 21:03:33.330 [I] [loginController.go:60]  username:admin1111 or password:111111111 login success

2021/05/27 21:04:10.604 [I] [usercontroller.go:37]  current page:1, search keyword:

2021/05/27 21:04:13.570 [I] [usercontroller.go:37]  current page:1, search keyword:

2021/05/27 21:05:00.193 [I] [authController.go:32]  current page:1, key word:

2021/05/27 21:05:56.866 [I] [loginController.go:60]  username:admin or password:zhangsan login success

2021/05/27 21:14:59.962 [I] [app.go:215]  http server Running on http://:8080
2021/05/27 21:15:05.542 [I] [loginController.go:60]  username:admin or password:zhangsan login success

2021/05/27 21:18:06.388 [I] [app.go:215]  http server Running on http://:8080
2021/05/27 21:18:11.693 [I] [loginController.go:60]  username:admin or password:zhangsan login success

2021/05/27 21:19:55.032 [I] [loginController.go:60]  username:admin1111 or password:111111111 login success

2021/05/27 21:21:25.947 [I] [app.go:215]  http server Running on http://:8080
2021/05/27 21:21:42.887 [I] [loginController.go:60]  username:admin1111 or password:111111111 login success

2021/05/27 21:23:48.381 [I] [app.go:215]  http server Running on http://:8080
2021/05/27 21:23:56.706 [I] [loginController.go:60]  username:admin1111 or password:111111111 login success

2021/05/27 21:27:36.320 [I] [app.go:215]  http server Running on http://:8080
2021/05/27 21:27:46.201 [I] [loginController.go:60]  username:admin1111 or password:111111111 login success

2021/05/27 21:30:42.558 [I] [app.go:215]  http server Running on http://:8080
2021/05/27 21:30:55.973 [I] [loginController.go:60]  username:admin1111 or password:111111111 login success

2021/05/27 21:32:08.190 [I] [app.go:215]  http server Running on http://:8080
2021/05/27 21:32:18.790 [I] [loginController.go:60]  username:admin1111 or password:111111111 login success

2021/05/27 21:38:09.905 [I] [app.go:215]  http server Running on http://:8080
2021/05/27 21:38:11.422 [I] [app.go:215]  http server Running on http://:8080
2021/05/27 21:38:13.296 [I] [app.go:215]  http server Running on http://:8080
2021/05/27 21:38:15.039 [I] [app.go:215]  http server Running on http://:8080
2021/05/27 21:38:16.826 [I] [app.go:215]  http server Running on http://:8080
2021/05/27 21:38:18.739 [I] [app.go:215]  http server Running on http://:8080
2021/05/27 21:38:25.838 [I] [app.go:215]  http server Running on http://:8080
2021/05/27 21:38:32.986 [I] [loginController.go:60]  username:admin1111 or password:111111111 login success

2021/05/27 21:40:05.085 [I] [app.go:215]  http server Running on http://:8080
2021/05/27 21:40:06.891 [I] [app.go:215]  http server Running on http://:8080
2021/05/27 21:40:12.592 [I] [loginController.go:50]  captcha is wrong:false

2021/05/27 21:40:17.701 [I] [loginController.go:60]  username:admin1111 or password:111111111 login success

2021/05/27 21:42:38.980 [I] [app.go:215]  http server Running on http://:8080
2021/05/27 21:42:49.795 [I] [loginController.go:60]  username:admin1111 or password:111111111 login success

2021/05/27 21:51:51.739 [I] [app.go:215]  http server Running on http://:8080
2021/05/27 21:51:52.912 [I] [app.go:215]  http server Running on http://:8080
2021/05/27 21:51:59.422 [I] [app.go:215]  http server Running on http://:8080
2021/05/27 21:52:08.820 [I] [loginController.go:60]  username:admin1111 or password:111111111 login success

2021/05/27 21:52:49.200 [I] [app.go:215]  http server Running on http://:8080
2021/05/27 21:53:03.813 [I] [loginController.go:60]  username:admin1111 or password:111111111 login success

2021/05/27 21:54:48.641 [I] [app.go:215]  http server Running on http://:8080
2021/05/27 21:54:58.443 [I] [loginController.go:60]  username:admin1111 or password:111111111 login success

2021/05/27 21:58:25.080 [I] [app.go:215]  http server Running on http://:8080
2021/05/27 21:58:32.767 [I] [loginController.go:60]  username:admin1111 or password:111111111 login success

2021/05/27 22:00:16.709 [I] [app.go:215]  http server Running on http://:8080
2021/05/27 22:00:24.595 [I] [loginController.go:60]  username:admin1111 or password:111111111 login success

2021/05/27 22:01:31.322 [I] [app.go:215]  http server Running on http://:8080
2021/05/27 22:01:37.455 [I] [loginController.go:60]  username:admin1111 or password:111111111 login success

2021/05/27 22:02:05.461 [I] [app.go:215]  http server Running on http://:8080
2021/05/27 22:02:14.077 [I] [loginController.go:60]  username:admin1111 or password:111111111 login success

2021/05/27 22:09:42.152 [I] [app.go:215]  http server Running on http://:8080
2021/05/27 22:09:53.535 [I] [loginController.go:60]  username:admin1111 or password:111111111 login success

2021/05/27 22:12:25.918 [I] [app.go:215]  http server Running on http://:8080
2021/05/27 22:12:32.600 [I] [loginController.go:60]  username:admin1111 or password:111111111 login success

2021/05/27 22:13:00.288 [I] [usercontroller.go:37]  current page:1, search keyword:

2021/05/27 22:13:11.921 [I] [loginController.go:60]  username:admin1111 or password:111111111 login success

2021/05/27 22:16:17.714 [I] [usercontroller.go:37]  current page:1, search keyword:

2021/05/27 22:16:30.894 [I] [loginController.go:60]  username:admin or password:zhangsan login success

2021/05/27 22:17:16.401 [I] [authController.go:32]  current page:1, key word:

2021/05/27 22:18:21.358 [I] [authController.go:88]  insert into sys_auth info:{47 Ë¥¢Âä°ÁÆ°ÁêÜ # 0 Ë¥¢Âä°ÁÆ°ÁêÜÔºå‰∏ÄÁ∫ßËèúÂçï 2021-05-27 22:18:21.340672 +0800 CST m=+355.735596801 1 0 95 []}

2021/05/27 22:18:21.362 [I] [authController.go:99]  insert into sys_auth success

2021/05/27 22:18:23.407 [I] [authController.go:32]  current page:1, key word:

2021/05/27 22:18:31.197 [I] [authController.go:32]  current page:1, key word:

2021/05/27 22:23:49.065 [I] [app.go:215]  http server Running on http://:8080
2021/05/27 22:23:57.997 [I] [loginController.go:60]  username:admin1111 or password:111111111 login success

2021/05/27 22:32:05.634 [I] [app.go:215]  http server Running on http://:8080
2021/05/27 22:32:14.026 [I] [loginController.go:60]  username:admin or password:zhangsan login success

2021/05/27 22:32:20.148 [I] [authController.go:32]  current page:1, key word:

2021/05/27 22:32:38.494 [I] [authController.go:88]  insert into sys_auth info:{48 ‰∏™‰∫∫‰∏≠ÂøÉ # 0 ‰∏™‰∫∫‰∏≠ÂøÉÔºå‰∏ÄÁ∫ßËèúÂçï 2021-05-27 22:32:38.4814566 +0800 CST m=+33.243355501 1 0 95 []}

2021/05/27 22:32:38.497 [I] [authController.go:99]  insert into sys_auth success

2021/05/27 22:32:40.532 [I] [authController.go:32]  current page:1, key word:

2021/05/27 22:32:44.780 [I] [authController.go:32]  current page:1, key word:

2021/05/27 22:33:42.322 [I] [authController.go:88]  insert into sys_auth info:{49 ‰∏™‰∫∫‰ø°ÊÅØ /m/mycenter-list 48 ‰∏™‰∫∫‰ø°ÊÅØÔºå‰∫åÁ∫ßËèúÂçï 2021-05-27 22:33:42.3146859 +0800 CST m=+97.076584801 1 0 94 []}

2021/05/27 22:33:42.325 [I] [authController.go:99]  insert into sys_auth success

2021/05/27 22:33:44.357 [I] [authController.go:32]  current page:1, key word:

2021/05/27 22:33:46.952 [I] [authController.go:32]  current page:1, key word:

2021/05/27 22:34:47.080 [I] [authController.go:88]  insert into sys_auth info:{50 Â∑•ËµÑÊù° /my/finace-list 48 Â∑•ËµÑÊù°Ôºå‰∫åÁ∫ßËèúÂçï 2021-05-27 22:34:47.0696124 +0800 CST m=+161.831511301 1 0 93 []}

2021/05/27 22:34:47.082 [I] [authController.go:99]  insert into sys_auth success

2021/05/27 22:34:49.112 [I] [authController.go:32]  current page:1, key word:

2021/05/27 22:34:51.702 [I] [authController.go:32]  current page:1, key word:

2021/05/27 22:34:53.209 [I] [authController.go:32]  current page:2, key word:

2021/05/27 22:34:54.396 [I] [authController.go:32]  current page:1, key word:

2021/05/27 22:34:57.331 [I] [authController.go:32]  current page:2, key word:

2021/05/27 22:35:00.464 [I] [authController.go:32]  current page:1, key word:

2021/05/27 22:35:23.252 [I] [authController.go:32]  current page:1, key word:

2021/05/27 22:42:31.446 [I] [app.go:215]  http server Running on http://:8080
2021/05/27 22:42:33.674 [I] [app.go:215]  http server Running on http://:8080
2021/05/27 22:42:36.077 [I] [app.go:215]  http server Running on http://:8080
2021/05/27 22:42:38.100 [I] [app.go:215]  http server Running on http://:8080
2021/05/27 22:42:40.562 [I] [app.go:215]  http server Running on http://:8080
2021/05/27 22:42:43.254 [I] [app.go:215]  http server Running on http://:8080
2021/05/27 22:42:51.916 [I] [app.go:215]  http server Running on http://:8080
2021/05/27 22:42:59.639 [I] [loginController.go:60]  username:admin or password:zhangsan login success

2021/05/27 22:43:36.984 [I] [app.go:215]  http server Running on http://:8080
2021/05/27 22:44:13.890 [I] [app.go:215]  http server Running on http://:8080
2021/05/27 22:44:23.386 [I] [loginController.go:60]  username:admin or password:zhangsan login success

2021/05/27 22:47:09.350 [I] [app.go:215]  http server Running on http://:8080
2021/05/27 22:47:15.545 [I] [loginController.go:60]  username:admin or password:zhangsan login success

2021/05/27 22:56:14.011 [I] [app.go:215]  http server Running on http://:8080
2021/05/27 22:56:15.959 [I] [app.go:215]  http server Running on http://:8080
2021/05/27 22:56:22.490 [I] [loginController.go:60]  username:admin or password:zhangsan login success

2021/05/27 23:10:30.723 [I] [app.go:215]  http server Running on http://:8080
2021/05/27 23:10:44.902 [I] [loginController.go:50]  captcha is wrong:false

2021/05/27 23:10:49.683 [I] [loginController.go:60]  username:admin or password:zhangsan login success

2021/05/27 23:11:22.919 [I] [usercontroller.go:37]  current page:1, search keyword:

2021/05/27 23:11:25.798 [I] [usercontroller.go:37]  current page:1, search keyword:

2021/05/27 23:17:01.869 [I] [app.go:215]  http server Running on http://:8080
2021/05/27 23:17:09.447 [I] [loginController.go:45]  username:admin or password:◊Ù`ñ{ŸD5Ú*πØ wrong

2021/05/27 23:17:23.562 [I] [loginController.go:50]  captcha is wrong:false

2021/05/27 23:17:29.290 [I] [loginController.go:60]  username:admin or password:000000 login success

2021/05/28 00:02:43.376 [I] [app.go:215]  http server Running on http://:8080
2021/05/28 00:02:44.820 [I] [app.go:215]  http server Running on http://:8080
2021/05/28 00:02:46.473 [I] [app.go:215]  http server Running on http://:8080
2021/05/28 00:02:52.666 [I] [app.go:215]  http server Running on http://:8080
2021/05/28 00:03:04.981 [I] [loginController.go:60]  username:admin or password:000000 login success

2021/05/28 00:04:00.709 [I] [app.go:215]  http server Running on http://:8080
2021/05/28 00:04:05.876 [I] [loginController.go:60]  username:admin or password:000000 login success

2021/05/28 00:04:41.989 [I] [loginController.go:60]  username:admin1111 or password:111111111 login success

2021/05/28 00:04:44.783 [I] [usercontroller.go:37]  current page:1, search keyword:

2021/05/28 00:06:34.031 [I] [app.go:215]  http server Running on http://:8080
2021/05/28 00:06:46.634 [I] [loginController.go:60]  username:admin1111 or password:111111111 login success

2021/05/28 00:08:42.826 [I] [app.go:215]  http server Running on http://:8080
2021/05/28 00:08:54.047 [I] [loginController.go:60]  username:admin1111 or password:111111111 login success

2021/05/28 00:09:03.454 [I] [loginController.go:45]  username:admin or password:ñÁíñ^∑,í•I›Z3 wrong

2021/05/28 00:09:10.796 [I] [loginController.go:60]  username:admin or password:000000 login success

2021/05/28 00:09:29.327 [I] [authController.go:32]  current page:1, key word:

2021/05/28 00:16:33.348 [I] [app.go:215]  http server Running on http://:8080
2021/05/28 00:16:35.188 [I] [app.go:215]  http server Running on http://:8080
2021/05/28 00:16:46.002 [I] [loginController.go:45]  username:admin or password:ñÁíñ^∑,í•I›Z3 wrong

2021/05/28 00:16:51.010 [I] [loginController.go:45]  username:admin or password:ñÁíñ^∑,í•I›Z3 wrong

2021/05/28 00:16:58.695 [I] [loginController.go:60]  username:admin or password:000000 login success

2021/05/28 00:17:02.081 [I] [authController.go:32]  current page:1, key word:

2021/05/28 00:17:09.796 [I] [authController.go:32]  current page:1, key word:

2021/05/28 00:17:28.355 [I] [authController.go:32]  current page:1, key word:

2021/05/28 00:20:00.879 [I] [app.go:215]  http server Running on http://:8080
2021/05/28 00:20:08.335 [I] [loginController.go:60]  username:admin or password:000000 login success

2021/05/28 00:20:11.877 [I] [authController.go:32]  current page:1, key word:

2021/05/28 00:20:17.441 [I] [authController.go:32]  current page:1, key word:

2021/05/28 00:21:01.043 [I] [authController.go:32]  current page:1, key word:

2021/05/28 00:21:15.233 [I] [authController.go:32]  current page:1, key word:

